#
# There is insufficient memory for the Java Runtime Environment to continue.
# Native memory allocation (mmap) failed to map 36175872 bytes for committing reserved memory.
# Possible reasons:
#   The system is out of physical RAM or swap space
#   The process is running with CompressedOops enabled, and the Java Heap may be blocking the growth of the native heap
# Possible solutions:
#   Reduce memory load on the system
#   Increase physical memory or swap space
#   Check if swap backing store is full
#   Decrease Java heap size (-Xmx/-Xms)
#   Decrease number of Java threads
#   Decrease Java thread stack sizes (-Xss)
#   Set larger code cache with -XX:ReservedCodeCacheSize=
#   JVM is running with Unscaled Compressed Oops mode in which the Java heap is
#     placed in the first 4GB address space. The Java Heap base address is the
#     maximum limit for the native heap growth. Please use -XX:HeapBaseMinAddress
#     to set the Java Heap base and to place the Java Heap above 4GB virtual address.
# This output file may be truncated or incomplete.
#
#  Out of Memory Error (os_linux.cpp:2798), pid=5460, tid=0x00007f72bffff700
#
# JRE version: OpenJDK Runtime Environment (8.0_312-b07) (build 1.8.0_312-8u312-b07-0ubuntu1~18.04-b07)
# Java VM: OpenJDK 64-Bit Server VM (25.312-b07 mixed mode linux-amd64 compressed oops)
# Failed to write core dump. Core dumps have been disabled. To enable core dumping, try "ulimit -c unlimited" before starting Java again
#

---------------  T H R E A D  ---------------

Current thread (0x00007f72d407a000):  VMThread [stack: 0x00007f72bff00000,0x00007f72c0000000] [id=5484]

Stack: [0x00007f72bff00000,0x00007f72c0000000],  sp=0x00007f72bfffe320,  free space=1016k
Native frames: (J=compiled Java code, j=interpreted, Vv=VM code, C=native code)
V  [libjvm.so+0xb6dd22]
V  [libjvm.so+0x4f22a7]
V  [libjvm.so+0x993a70]
V  [libjvm.so+0x98af1e]
V  [libjvm.so+0xa125b6]
V  [libjvm.so+0xa13928]
V  [libjvm.so+0xa0fc56]
V  [libjvm.so+0xa0ffec]
V  [libjvm.so+0x9be0f8]
V  [libjvm.so+0xb70762]
V  [libjvm.so+0xb76516]
V  [libjvm.so+0xb74259]
V  [libjvm.so+0xb7476b]
V  [libjvm.so+0xb74ba8]
V  [libjvm.so+0x990e62]

VM_Operation (0x00007f72ddb10530): ParallelGCFailedAllocation, mode: safepoint, requested by thread 0x00007f72d400b800


---------------  P R O C E S S  ---------------

Java Threads: ( => current thread )
  0x00007f72d40cb800 JavaThread "Service Thread" daemon [_thread_blocked, id=5491, stack(0x00007f72bf51a000,0x00007f72bf61b000)]
  0x00007f72d40c0000 JavaThread "C1 CompilerThread2" daemon [_thread_blocked, id=5490, stack(0x00007f72bf61c000,0x00007f72bf71c000)]
  0x00007f72d40be800 JavaThread "C2 CompilerThread1" daemon [_thread_blocked, id=5489, stack(0x00007f72bf71d000,0x00007f72bf81d000)]
  0x00007f72d40bb800 JavaThread "C2 CompilerThread0" daemon [_thread_blocked, id=5488, stack(0x00007f72bf81e000,0x00007f72bf91e000)]
  0x00007f72d40b6000 JavaThread "Signal Dispatcher" daemon [_thread_blocked, id=5487, stack(0x00007f72bf91e000,0x00007f72bfa1f000)]
  0x00007f72d4088800 JavaThread "Finalizer" daemon [_thread_blocked, id=5486, stack(0x00007f72bfcfd000,0x00007f72bfdfe000)]
  0x00007f72d4083800 JavaThread "Reference Handler" daemon [_thread_blocked, id=5485, stack(0x00007f72bfdfe000,0x00007f72bfeff000)]
  0x00007f72d400b800 JavaThread "main" [_thread_blocked, id=5479, stack(0x00007f72dda14000,0x00007f72ddb14000)]

Other Threads:
=>0x00007f72d407a000 VMThread [stack: 0x00007f72bff00000,0x00007f72c0000000] [id=5484]
  0x00007f72d40ce000 WatcherThread [stack: 0x00007f72bf41a000,0x00007f72bf51a000] [id=5492]

VM state:at safepoint (normal execution)

VM Mutex/Monitor currently owned by a thread:  ([mutex/lock_event])
[0x00007f72d40081d0] Threads_lock - owner thread: 0x00007f72d407a000
[0x00007f72d40086d0] Heap_lock - owner thread: 0x00007f72d400b800

heap address: 0x00000000e3600000, size: 458 MB, Compressed Oops mode: 32-bit
Narrow klass base: 0x0000000000000000, Narrow klass shift: 3
Compressed class space size: 1073741824 Address: 0x0000000100000000

Heap:
 PSYoungGen      total 110080K, used 8737K [0x00000000f6780000, 0x00000000fdd80000, 0x0000000100000000)
  eden space 99840K, 0% used [0x00000000f6780000,0x00000000f6780000,0x00000000fc900000)
  from space 10240K, 85% used [0x00000000fc900000,0x00000000fd188488,0x00000000fd300000)
  to   space 9728K, 0% used [0x00000000fd300000,0x00000000fd300000,0x00000000fdc80000)
 ParOldGen       total 35840K, used 18550K [0x00000000e3600000, 0x00000000e5900000, 0x00000000f6780000)
  object space 35840K, 51% used [0x00000000e3600000,0x00000000e481da98,0x00000000e5900000)
 Metaspace       used 23307K, capacity 23996K, committed 24320K, reserved 1071104K
  class space    used 2775K, capacity 2957K, committed 3072K, reserved 1048576K

Card table byte_map: [0x00007f72dd92d000,0x00007f72dda13000] byte_map_base: 0x00007f72dd212000

Marking Bits: (ParMarkBitMap*) 0x00007f72dcca7720
 Begin Bits: [0x00007f72d8be3000, 0x00007f72d930b000)
 End Bits:   [0x00007f72d930b000, 0x00007f72d9a33000)

Polling page: 0x00007f72ddb2a000

CodeCache: size=245760Kb used=12558Kb max_used=13244Kb free=233201Kb
 bounds [0x00007f72c5000000, 0x00007f72c5d20000, 0x00007f72d4000000]
 total_blobs=4061 nmethods=3676 adapters=298
 compilation: enabled

Compilation events (10 events):
Event: 12.253 Thread 0x00007f72d40c0000 3924       3       com.sun.tools.javac.file.ZipFileIndex$Entry::setNativeTime (6 bytes)
Event: 12.253 Thread 0x00007f72d40c0000 nmethod 3924 0x00007f72c52e02d0 code [0x00007f72c52e0420, 0x00007f72c52e0570]
Event: 12.253 Thread 0x00007f72d40c0000 3925       1       com.sun.tools.javac.file.RelativePath::getPath (5 bytes)
Event: 12.253 Thread 0x00007f72d40c0000 nmethod 3925 0x00007f72c52e0010 code [0x00007f72c52e0160, 0x00007f72c52e0270]
Event: 12.253 Thread 0x00007f72d40c0000 3926       3       com.sun.tools.javac.file.ZipFileIndex$Entry::compareTo (9 bytes)
Event: 12.254 Thread 0x00007f72d40c0000 nmethod 3926 0x00007f72c52ded10 code [0x00007f72c52dee80, 0x00007f72c52df0e8]
Event: 12.254 Thread 0x00007f72d40c0000 3927       3       com.sun.tools.javac.file.ZipFileIndex$Entry::compareTo (40 bytes)
Event: 12.255 Thread 0x00007f72d40c0000 nmethod 3927 0x00007f72c5255ad0 code [0x00007f72c5255c60, 0x00007f72c52560b8]
Event: 12.279 Thread 0x00007f72d40c0000 3930       3       com.sun.tools.javac.file.ZipFileIndex::getRelativeDirectory (62 bytes)
Event: 12.305 Thread 0x00007f72d40c0000 nmethod 3930 0x00007f72c5479050 code [0x00007f72c5479240, 0x00007f72c5479c08]

GC Heap History (10 events):
Event: 2.408 GC heap after
Heap after GC invocations=7 (full 0):
 PSYoungGen      total 36352K, used 4064K [0x00000000f6780000, 0x00000000fb080000, 0x0000000100000000)
  eden space 32256K, 0% used [0x00000000f6780000,0x00000000f6780000,0x00000000f8700000)
  from space 4096K, 99% used [0x00000000f8700000,0x00000000f8af80e0,0x00000000f8b00000)
  to   space 5120K, 0% used [0x00000000fab80000,0x00000000fab80000,0x00000000fb080000)
 ParOldGen       total 20480K, used 7049K [0x00000000e3600000, 0x00000000e4a00000, 0x00000000f6780000)
  object space 20480K, 34% used [0x00000000e3600000,0x00000000e3ce26a0,0x00000000e4a00000)
 Metaspace       used 14652K, capacity 14866K, committed 15232K, reserved 1062912K
  class space    used 1825K, capacity 1899K, committed 1920K, reserved 1048576K
}
Event: 2.989 GC heap before
{Heap before GC invocations=8 (full 0):
 PSYoungGen      total 36352K, used 36320K [0x00000000f6780000, 0x00000000fb080000, 0x0000000100000000)
  eden space 32256K, 100% used [0x00000000f6780000,0x00000000f8700000,0x00000000f8700000)
  from space 4096K, 99% used [0x00000000f8700000,0x00000000f8af80e0,0x00000000f8b00000)
  to   space 5120K, 0% used [0x00000000fab80000,0x00000000fab80000,0x00000000fb080000)
 ParOldGen       total 20480K, used 7049K [0x00000000e3600000, 0x00000000e4a00000, 0x00000000f6780000)
  object space 20480K, 34% used [0x00000000e3600000,0x00000000e3ce26a0,0x00000000e4a00000)
 Metaspace       used 16218K, capacity 16458K, committed 16768K, reserved 1064960K
  class space    used 1983K, capacity 2100K, committed 2176K, reserved 1048576K
Event: 3.002 GC heap after
Heap after GC invocations=8 (full 0):
 PSYoungGen      total 67584K, used 5088K [0x00000000f6780000, 0x00000000fb480000, 0x0000000100000000)
  eden space 62464K, 0% used [0x00000000f6780000,0x00000000f6780000,0x00000000fa480000)
  from space 5120K, 99% used [0x00000000fab80000,0x00000000fb078020,0x00000000fb080000)
  to   space 7168K, 0% used [0x00000000fa480000,0x00000000fa480000,0x00000000fab80000)
 ParOldGen       total 20480K, used 9698K [0x00000000e3600000, 0x00000000e4a00000, 0x00000000f6780000)
  object space 20480K, 47% used [0x00000000e3600000,0x00000000e3f78ab0,0x00000000e4a00000)
 Metaspace       used 16218K, capacity 16458K, committed 16768K, reserved 1064960K
  class space    used 1983K, capacity 2100K, committed 2176K, reserved 1048576K
}
Event: 3.794 GC heap before
{Heap before GC invocations=9 (full 0):
 PSYoungGen      total 67584K, used 67552K [0x00000000f6780000, 0x00000000fb480000, 0x0000000100000000)
  eden space 62464K, 100% used [0x00000000f6780000,0x00000000fa480000,0x00000000fa480000)
  from space 5120K, 99% used [0x00000000fab80000,0x00000000fb078020,0x00000000fb080000)
  to   space 7168K, 0% used [0x00000000fa480000,0x00000000fa480000,0x00000000fab80000)
 ParOldGen       total 20480K, used 9698K [0x00000000e3600000, 0x00000000e4a00000, 0x00000000f6780000)
  object space 20480K, 47% used [0x00000000e3600000,0x00000000e3f78ab0,0x00000000e4a00000)
 Metaspace       used 16957K, capacity 17312K, committed 17536K, reserved 1064960K
  class space    used 2028K, capacity 2142K, committed 2176K, reserved 1048576K
Event: 3.824 GC heap after
Heap after GC invocations=9 (full 0):
 PSYoungGen      total 69632K, used 7168K [0x00000000f6780000, 0x00000000fdc80000, 0x0000000100000000)
  eden space 62464K, 0% used [0x00000000f6780000,0x00000000f6780000,0x00000000fa480000)
  from space 7168K, 100% used [0x00000000fa480000,0x00000000fab80000,0x00000000fab80000)
  to   space 9728K, 0% used [0x00000000fd300000,0x00000000fd300000,0x00000000fdc80000)
 ParOldGen       total 20480K, used 13901K [0x00000000e3600000, 0x00000000e4a00000, 0x00000000f6780000)
  object space 20480K, 67% used [0x00000000e3600000,0x00000000e43935f8,0x00000000e4a00000)
 Metaspace       used 16957K, capacity 17312K, committed 17536K, reserved 1064960K
  class space    used 2028K, capacity 2142K, committed 2176K, reserved 1048576K
}
Event: 5.077 GC heap before
{Heap before GC invocations=10 (full 0):
 PSYoungGen      total 69632K, used 69632K [0x00000000f6780000, 0x00000000fdc80000, 0x0000000100000000)
  eden space 62464K, 100% used [0x00000000f6780000,0x00000000fa480000,0x00000000fa480000)
  from space 7168K, 100% used [0x00000000fa480000,0x00000000fab80000,0x00000000fab80000)
  to   space 9728K, 0% used [0x00000000fd300000,0x00000000fd300000,0x00000000fdc80000)
 ParOldGen       total 20480K, used 13901K [0x00000000e3600000, 0x00000000e4a00000, 0x00000000f6780000)
  object space 20480K, 67% used [0x00000000e3600000,0x00000000e43935f8,0x00000000e4a00000)
 Metaspace       used 17990K, capacity 18518K, committed 18688K, reserved 1064960K
  class space    used 2130K, capacity 2284K, committed 2304K, reserved 1048576K
Event: 5.117 GC heap after
Heap after GC invocations=10 (full 0):
 PSYoungGen      total 109568K, used 6331K [0x00000000f6780000, 0x00000000fdd80000, 0x0000000100000000)
  eden space 99840K, 0% used [0x00000000f6780000,0x00000000f6780000,0x00000000fc900000)
  from space 9728K, 65% used [0x00000000fd300000,0x00000000fd92ef68,0x00000000fdc80000)
  to   space 10240K, 0% used [0x00000000fc900000,0x00000000fc900000,0x00000000fd300000)
 ParOldGen       total 20480K, used 17677K [0x00000000e3600000, 0x00000000e4a00000, 0x00000000f6780000)
  object space 20480K, 86% used [0x00000000e3600000,0x00000000e4743748,0x00000000e4a00000)
 Metaspace       used 17990K, capacity 18518K, committed 18688K, reserved 1064960K
  class space    used 2130K, capacity 2284K, committed 2304K, reserved 1048576K
}
Event: 5.118 GC heap before
{Heap before GC invocations=11 (full 1):
 PSYoungGen      total 109568K, used 6331K [0x00000000f6780000, 0x00000000fdd80000, 0x0000000100000000)
  eden space 99840K, 0% used [0x00000000f6780000,0x00000000f6780000,0x00000000fc900000)
  from space 9728K, 65% used [0x00000000fd300000,0x00000000fd92ef68,0x00000000fdc80000)
  to   space 10240K, 0% used [0x00000000fc900000,0x00000000fc900000,0x00000000fd300000)
 ParOldGen       total 20480K, used 17677K [0x00000000e3600000, 0x00000000e4a00000, 0x00000000f6780000)
  object space 20480K, 86% used [0x00000000e3600000,0x00000000e4743748,0x00000000e4a00000)
 Metaspace       used 17990K, capacity 18518K, committed 18688K, reserved 1064960K
  class space    used 2130K, capacity 2284K, committed 2304K, reserved 1048576K
Event: 5.247 GC heap after
Heap after GC invocations=11 (full 1):
 PSYoungGen      total 109568K, used 0K [0x00000000f6780000, 0x00000000fdd80000, 0x0000000100000000)
  eden space 99840K, 0% used [0x00000000f6780000,0x00000000f6780000,0x00000000fc900000)
  from space 9728K, 0% used [0x00000000fd300000,0x00000000fd300000,0x00000000fdc80000)
  to   space 10240K, 0% used [0x00000000fc900000,0x00000000fc900000,0x00000000fd300000)
 ParOldGen       total 35840K, used 18542K [0x00000000e3600000, 0x00000000e5900000, 0x00000000f6780000)
  object space 35840K, 51% used [0x00000000e3600000,0x00000000e481ba98,0x00000000e5900000)
 Metaspace       used 17990K, capacity 18518K, committed 18688K, reserved 1064960K
  class space    used 2130K, capacity 2284K, committed 2304K, reserved 1048576K
}
Event: 12.309 GC heap before
{Heap before GC invocations=12 (full 1):
 PSYoungGen      total 109568K, used 99840K [0x00000000f6780000, 0x00000000fdd80000, 0x0000000100000000)
  eden space 99840K, 100% used [0x00000000f6780000,0x00000000fc900000,0x00000000fc900000)
  from space 9728K, 0% used [0x00000000fd300000,0x00000000fd300000,0x00000000fdc80000)
  to   space 10240K, 0% used [0x00000000fc900000,0x00000000fc900000,0x00000000fd300000)
 ParOldGen       total 35840K, used 18542K [0x00000000e3600000, 0x00000000e5900000, 0x00000000f6780000)
  object space 35840K, 51% used [0x00000000e3600000,0x00000000e481ba98,0x00000000e5900000)
 Metaspace       used 23307K, capacity 23996K, committed 24320K, reserved 1071104K
  class space    used 2775K, capacity 2957K, committed 3072K, reserved 1048576K

Deoptimization events (10 events):
Event: 5.740 Thread 0x00007f72d400b800 Uncommon trap: reason=unstable_if action=reinterpret pc=0x00007f72c5bef6e0 method=org.apache.maven.model.io.xpp3.MavenXpp3Reader.nextTag(Lorg/codehaus/plexus/util/xml/pull/XmlPullParser;)I @ 9
Event: 6.191 Thread 0x00007f72d400b800 Uncommon trap: reason=unstable_if action=reinterpret pc=0x00007f72c5bed4e0 method=com.google.inject.internal.InjectorImpl.callInContext(Lcom/google/inject/internal/ContextualCallable;)Ljava/lang/Object; @ 161
Event: 11.211 Thread 0x00007f72d400b800 Uncommon trap: reason=unstable_if action=reinterpret pc=0x00007f72c5c76304 method=java.util.zip.InflaterInputStream.read([BII)I @ 41
Event: 11.213 Thread 0x00007f72d400b800 Uncommon trap: reason=unstable_if action=reinterpret pc=0x00007f72c5b5f8e4 method=java.util.jar.Manifest$FastInputStream.readLine([BII)I @ 87
Event: 11.249 Thread 0x00007f72d400b800 Uncommon trap: reason=null_assert action=make_not_entrant pc=0x00007f72c51fe5bc method=java.util.zip.ZipEntry.<init>(Ljava/util/zip/ZipEntry;)V @ 70
Event: 11.588 Thread 0x00007f72d400b800 Uncommon trap: reason=unstable_if action=reinterpret pc=0x00007f72c511d598 method=java.util.jar.Attributes$Name.isDigit(C)Z @ 3
Event: 11.794 Thread 0x00007f72d400b800 Uncommon trap: reason=class_check action=maybe_recompile pc=0x00007f72c51d4aa8 method=sun.misc.URLClassPath.getLoader(I)Lsun/misc/URLClassPath$Loader; @ 94
Event: 11.820 Thread 0x00007f72d400b800 Uncommon trap: reason=unstable_if action=reinterpret pc=0x00007f72c51fa454 method=sun.misc.URLClassPath$JarLoader.getResource(Ljava/lang/String;Z)Lsun/misc/Resource; @ 62
Event: 11.912 Thread 0x00007f72d400b800 Uncommon trap: reason=class_check action=maybe_recompile pc=0x00007f72c51d4aa8 method=sun.misc.URLClassPath.getLoader(I)Lsun/misc/URLClassPath$Loader; @ 94
Event: 11.930 Thread 0x00007f72d400b800 Uncommon trap: reason=unstable_if action=reinterpret pc=0x00007f72c59507b0 method=java.nio.charset.CharsetDecoder.decode(Ljava/nio/ByteBuffer;Ljava/nio/CharBuffer;Z)Ljava/nio/charset/CoderResult; @ 1

Classes redefined (0 events):
No events

Internal exceptions (10 events):
Event: 2.434 Thread 0x00007f72d400b800 Exception <a 'java/lang/NullPointerException'> (0x00000000f691d758) thrown at [/build/openjdk-8-Wt4QLx/openjdk-8-8u312-b07/src/hotspot/src/share/vm/interpreter/linkResolver.cpp, line 1185]
Event: 2.468 Thread 0x00007f72d400b800 Implicit null exception at 0x00007f72c5412c33 to 0x00007f72c5413005
Event: 2.468 Thread 0x00007f72d400b800 Implicit null exception at 0x00007f72c52262f4 to 0x00007f72c52266dd
Event: 2.933 Thread 0x00007f72d400b800 Implicit null exception at 0x00007f72c5723c7d to 0x00007f72c5724641
Event: 3.250 Thread 0x00007f72d400b800 Implicit null exception at 0x00007f72c5383ab5 to 0x00007f72c5383c99
Event: 3.251 Thread 0x00007f72d400b800 Implicit null exception at 0x00007f72c5369b6f to 0x00007f72c5369bd9
Event: 3.428 Thread 0x00007f72d400b800 Implicit null exception at 0x00007f72c5847a01 to 0x00007f72c5848515
Event: 4.622 Thread 0x00007f72d400b800 Implicit null exception at 0x00007f72c5a2e946 to 0x00007f72c5a2fb1d
Event: 6.189 Thread 0x00007f72d400b800 Implicit null exception at 0x00007f72c5bec448 to 0x00007f72c5bed4d1
Event: 6.274 Thread 0x00007f72d400b800 Exception <a 'java/lang/ClassNotFoundException': com/sun/tools/javac/api/JavacTool> (0x00000000f8fdbd50) thrown at [/build/openjdk-8-Wt4QLx/openjdk-8-8u312-b07/src/hotspot/src/share/vm/classfile/systemDictionary.cpp, line 217]

Events (10 events):
Event: 12.226 loading class com/sun/tools/javac/file/ZipFileIndex$ZipDirectory done
Event: 12.234 loading class com/sun/tools/javac/file/ZipFileIndex$DirectoryEntry
Event: 12.234 loading class com/sun/tools/javac/file/ZipFileIndex$DirectoryEntry done
Event: 12.236 loading class com/sun/tools/javac/file/ZipFileIndex$Entry
Event: 12.236 loading class com/sun/tools/javac/file/ZipFileIndex$Entry done
Event: 12.247 loading class java/util/ComparableTimSort
Event: 12.250 loading class java/util/ComparableTimSort done
Event: 12.256 loading class java/io/RandomAccessFile$1
Event: 12.257 loading class java/io/RandomAccessFile$1 done
Event: 12.306 Executing VM operation: ParallelGCFailedAllocation


Dynamic libraries:
e3600000-e5900000 rw-p 00000000 00:00 0 
e5900000-f6780000 ---p 00000000 00:00 0 
f6780000-fdd80000 rw-p 00000000 00:00 0 
100000000-100300000 rw-p 00000000 00:00 0 
100300000-140000000 ---p 00000000 00:00 0 
557683856000-557683857000 r-xp 00000000 08:05 1439859                    /usr/lib/jvm/java-8-openjdk-amd64/jre/bin/java
557683a56000-557683a57000 r--p 00000000 08:05 1439859                    /usr/lib/jvm/java-8-openjdk-amd64/jre/bin/java
557683a57000-557683a58000 rw-p 00001000 08:05 1439859                    /usr/lib/jvm/java-8-openjdk-amd64/jre/bin/java
5576848ee000-55768490f000 rw-p 00000000 00:00 0                          [heap]
7f7288000000-7f7288021000 rw-p 00000000 00:00 0 
7f7288021000-7f728c000000 ---p 00000000 00:00 0 
7f728c000000-7f728c021000 rw-p 00000000 00:00 0 
7f728c021000-7f7290000000 ---p 00000000 00:00 0 
7f7290000000-7f7291e1c000 rw-p 00000000 00:00 0 
7f7291e1c000-7f7294000000 ---p 00000000 00:00 0 
7f7294000000-7f7294da1000 rw-p 00000000 00:00 0 
7f7294da1000-7f7298000000 ---p 00000000 00:00 0 
7f7298000000-7f7298021000 rw-p 00000000 00:00 0 
7f7298021000-7f729c000000 ---p 00000000 00:00 0 
7f729c000000-7f729defe000 rw-p 00000000 00:00 0 
7f729defe000-7f72a0000000 ---p 00000000 00:00 0 
7f72a0000000-7f72a0021000 rw-p 00000000 00:00 0 
7f72a0021000-7f72a4000000 ---p 00000000 00:00 0 
7f72a4000000-7f72a4021000 rw-p 00000000 00:00 0 
7f72a4021000-7f72a8000000 ---p 00000000 00:00 0 
7f72a8000000-7f72a8021000 rw-p 00000000 00:00 0 
7f72a8021000-7f72ac000000 ---p 00000000 00:00 0 
7f72ac000000-7f72ac021000 rw-p 00000000 00:00 0 
7f72ac021000-7f72b0000000 ---p 00000000 00:00 0 
7f72b0000000-7f72b0021000 rw-p 00000000 00:00 0 
7f72b0021000-7f72b4000000 ---p 00000000 00:00 0 
7f72b8000000-7f72b8021000 rw-p 00000000 00:00 0 
7f72b8021000-7f72bc000000 ---p 00000000 00:00 0 
7f72bdb0b000-7f72bdd0b000 rw-p 00000000 00:00 0 
7f72bdeca000-7f72bdecb000 r--s 00005000 08:05 660545                     /home/admin/.m2/repository/org/springframework/spring-jcl/5.3.14/spring-jcl-5.3.14.jar
7f72bdecb000-7f72bdee7000 r--s 0014e000 08:05 660543                     /home/admin/.m2/repository/org/springframework/spring-core/5.3.14/spring-core-5.3.14.jar
7f72bdee7000-7f72bdee9000 r--s 0000a000 08:05 802056                     /home/admin/.m2/repository/jakarta/activation/jakarta.activation-api/1.2.2/jakarta.activation-api-1.2.2.jar
7f72bdee9000-7f72bdeed000 r--s 00019000 08:05 660541                     /home/admin/.m2/repository/jakarta/xml/bind/jakarta.xml.bind-api/2.3.3/jakarta.xml.bind-api-2.3.3.jar
7f72bdeed000-7f72bdef2000 r--s 00042000 08:05 660539                     /home/admin/.m2/repository/org/springframework/spring-expression/5.3.14/spring-expression-5.3.14.jar
7f72bdef2000-7f72bdf05000 r--s 000e9000 08:05 802036                     /home/admin/.m2/repository/org/springframework/spring-webmvc/5.3.14/spring-webmvc-5.3.14.jar
7f72bdf05000-7f72bdf24000 r--s 00171000 08:05 660537                     /home/admin/.m2/repository/org/springframework/spring-web/5.3.14/spring-web-5.3.14.jar
7f72bdf24000-7f72bdf2a000 r--s 0003e000 08:05 802034                     /home/admin/.m2/repository/org/apache/tomcat/embed/tomcat-embed-websocket/9.0.56/tomcat-embed-websocket-9.0.56.jar
7f72bdf2a000-7f72bdf2e000 r--s 0003b000 08:05 802032                     /home/admin/.m2/repository/org/apache/tomcat/embed/tomcat-embed-el/9.0.56/tomcat-embed-el-9.0.56.jar
7f72bdf2e000-7f72bdf57000 r--s 0031e000 08:05 802030                     /home/admin/.m2/repository/org/apache/tomcat/embed/tomcat-embed-core/9.0.56/tomcat-embed-core-9.0.56.jar
7f72bdf57000-7f72bdf58000 r--s 00001000 08:05 802028                     /home/admin/.m2/repository/org/springframework/boot/spring-boot-starter-tomcat/2.5.8/spring-boot-starter-tomcat-2.5.8.jar
7f72bdf58000-7f72bdf5a000 r--s 00001000 08:05 802026                     /home/admin/.m2/repository/com/fasterxml/jackson/module/jackson-module-parameter-names/2.12.6/jackson-module-parameter-names-2.12.6.jar
7f72bdf5a000-7f72bdf5d000 r--s 0001b000 08:05 802024                     /home/admin/.m2/repository/com/fasterxml/jackson/datatype/jackson-datatype-jsr310/2.12.6/jackson-datatype-jsr310-2.12.6.jar
7f72bdf5d000-7f72bdf5f000 r--s 00007000 08:05 802022                     /home/admin/.m2/repository/com/fasterxml/jackson/datatype/jackson-datatype-jdk8/2.12.6/jackson-datatype-jdk8-2.12.6.jar
7f72bdf5f000-7f72bdf64000 r--s 00055000 08:05 802020                     /home/admin/.m2/repository/com/fasterxml/jackson/core/jackson-core/2.12.6/jackson-core-2.12.6.jar
7f72bdf64000-7f72bdf67000 r--s 00010000 08:05 802018                     /home/admin/.m2/repository/com/fasterxml/jackson/core/jackson-annotations/2.12.6/jackson-annotations-2.12.6.jar
7f72bdf67000-7f72bdf7e000 r--s 0015c000 08:05 660535                     /home/admin/.m2/repository/com/fasterxml/jackson/core/jackson-databind/2.12.6/jackson-databind-2.12.6.jar
7f72bdf7e000-7f72bdf7f000 r--s 00001000 08:05 660533                     /home/admin/.m2/repository/org/springframework/boot/spring-boot-starter-json/2.5.8/spring-boot-starter-json-2.5.8.jar
7f72bdf7f000-7f72bdf86000 r--s 00049000 08:05 660531                     /home/admin/.m2/repository/org/yaml/snakeyaml/1.28/snakeyaml-1.28.jar
7f72bdf86000-7f72bdf88000 r--s 00005000 08:05 660529                     /home/admin/.m2/repository/jakarta/annotation/jakarta.annotation-api/1.3.5/jakarta.annotation-api-1.3.5.jar
7f72bdf88000-7f72bdf8a000 r--s 00000000 08:05 660527                     /home/admin/.m2/repository/org/slf4j/jul-to-slf4j/1.7.32/jul-to-slf4j-1.7.32.jar
7f72bdf8a000-7f72bdf90000 r--s 00044000 08:05 660525                     /home/admin/.m2/repository/org/apache/logging/log4j/log4j-api/2.17.0/log4j-api-2.17.0.jar
7f72bdf90000-7f72bdf92000 r--s 00003000 08:05 660523                     /home/admin/.m2/repository/org/apache/logging/log4j/log4j-to-slf4j/2.17.0/log4j-to-slf4j-2.17.0.jar
7f72bdf92000-7f72bdf9c000 r--s 00065000 08:05 660521                     /home/admin/.m2/repository/ch/qos/logback/logback-core/1.2.9/logback-core-1.2.9.jar
7f72bdf9c000-7f72bdfa2000 r--s 00034000 08:05 660519                     /home/admin/.m2/repository/ch/qos/logback/logback-classic/1.2.9/logback-classic-1.2.9.jar
7f72bdfa2000-7f72bdfa3000 r--s 00001000 08:05 660517                     /home/admin/.m2/repository/org/springframework/boot/spring-boot-starter-logging/2.5.8/spring-boot-starter-logging-2.5.8.jar
7f72bdfa3000-7f72bdfcf000 r--s 00153000 08:05 660515                     /home/admin/.m2/repository/org/springframework/boot/spring-boot-autoconfigure/2.5.8/spring-boot-autoconfigure-2.5.8.jar
7f72bdfcf000-7f72bdfed000 r--s 00137000 08:05 660513                     /home/admin/.m2/repository/org/springframework/boot/spring-boot/2.5.8/spring-boot-2.5.8.jar
7f72bdfed000-7f72bdfee000 r--s 00001000 08:05 660511                     /home/admin/.m2/repository/org/springframework/boot/spring-boot-starter/2.5.8/spring-boot-starter-2.5.8.jar
7f72bdfee000-7f72bdfef000 r--s 00001000 08:05 660509                     /home/admin/.m2/repository/org/springframework/boot/spring-boot-starter-web/2.5.8/spring-boot-starter-web-2.5.8.jar
7f72bdfef000-7f72bdff1000 r--s 0000a000 08:05 660507                     /home/admin/.m2/repository/org/springframework/spring-aspects/5.3.14/spring-aspects-5.3.14.jar
7f72bdff1000-7f72bdff3000 r--s 00009000 08:05 660505                     /home/admin/.m2/repository/org/slf4j/slf4j-api/1.7.32/slf4j-api-1.7.32.jar
7f72bdff3000-7f72be000000 r--s 0009e000 08:05 660503                     /home/admin/.m2/repository/org/springframework/spring-beans/5.3.14/spring-beans-5.3.14.jar
7f72be000000-7f72be009000 r--s 00049000 08:05 660501                     /home/admin/.m2/repository/org/springframework/spring-tx/5.3.14/spring-tx-5.3.14.jar
7f72be009000-7f72be025000 r--s 0011b000 08:05 660499                     /home/admin/.m2/repository/org/springframework/spring-context/5.3.14/spring-context-5.3.14.jar
7f72be025000-7f72be029000 r--s 0002e000 08:05 660497                     /home/admin/.m2/repository/org/springframework/spring-orm/5.3.14/spring-orm-5.3.14.jar
7f72be029000-7f72be043000 r--s 0011a000 08:05 660495                     /home/admin/.m2/repository/org/springframework/data/spring-data-commons/2.5.7/spring-data-commons-2.5.7.jar
7f72be043000-7f72be04c000 r--s 00054000 08:05 660493                     /home/admin/.m2/repository/org/springframework/data/spring-data-jpa/2.5.7/spring-data-jpa-2.5.7.jar
7f72be04c000-7f72be04e000 r--s 00006000 08:05 660489                     /home/admin/.m2/repository/com/sun/istack/istack-commons-runtime/3.0.12/istack-commons-runtime-3.0.12.jar
7f72be04e000-7f72be050000 r--s 00010000 08:05 660487                     /home/admin/.m2/repository/org/glassfish/jaxb/txw2/2.3.5/txw2-2.3.5.jar
7f72be050000-7f72be065000 r--s 000e4000 08:05 660485                     /home/admin/.m2/repository/org/glassfish/jaxb/jaxb-runtime/2.3.5/jaxb-runtime-2.3.5.jar
7f72be065000-7f72be068000 r--s 00011000 08:05 660483                     /home/admin/.m2/repository/org/hibernate/common/hibernate-commons-annotations/5.1.2.Final/hibernate-commons-annotations-5.1.2.Final.jar
7f72be068000-7f72be06d000 r--s 0004b000 08:05 660481                     /home/admin/.m2/repository/org/dom4j/dom4j/2.1.3/dom4j-2.1.3.jar
7f72be06d000-7f72be06f000 r--s 0000f000 08:05 660479                     /home/admin/.m2/repository/com/fasterxml/classmate/1.5.1/classmate-1.5.1.jar
7f72be06f000-7f72be072000 r--s 0002f000 08:05 660477                     /home/admin/.m2/repository/org/jboss/jandex/2.2.3.Final/jandex-2.2.3.Final.jar
7f72be072000-7f72be077000 r--s 00068000 08:05 660475                     /home/admin/.m2/repository/antlr/antlr/2.7.7/antlr-2.7.7.jar
7f72be077000-7f72be0c2000 r--s 0030f000 08:05 660473                     /home/admin/.m2/repository/net/bytebuddy/byte-buddy/1.10.22/byte-buddy-1.10.22.jar
7f72be0c2000-7f72be0cd000 r--s 000b5000 08:05 660471                     /home/admin/.m2/repository/org/javassist/javassist/3.27.0-GA/javassist-3.27.0-GA.jar
7f72be0cd000-7f72be0cf000 r--s 0000d000 08:05 660469                     /home/admin/.m2/repository/org/jboss/logging/jboss-logging/3.4.2.Final/jboss-logging-3.4.2.Final.jar
7f72be0cf000-7f72be155000 r--s 0067e000 08:05 660467                     /home/admin/.m2/repository/org/hibernate/hibernate-core/5.4.33/hibernate-core-5.4.33.jar
7f72be155000-7f72be15b000 r--s 00023000 08:05 660465                     /home/admin/.m2/repository/jakarta/persistence/jakarta.persistence-api/2.2.3/jakarta.persistence-api-2.2.3.jar
7f72be15b000-7f72be15c000 r--s 00003000 08:05 660463                     /home/admin/.m2/repository/jakarta/transaction/jakarta.transaction-api/1.3.3/jakarta.transaction-api-1.3.3.jar
7f72be15c000-7f72be166000 r--s 0005f000 08:05 660461                     /home/admin/.m2/repository/org/springframework/spring-jdbc/5.3.14/spring-jdbc-5.3.14.jar
7f72be166000-7f72be169000 r--s 00024000 08:05 660459                     /home/admin/.m2/repository/com/zaxxer/HikariCP/4.0.3/HikariCP-4.0.3.jar
7f72be169000-7f72be16a000 r--s 00001000 08:05 660457                     /home/admin/.m2/repository/org/springframework/boot/spring-boot-starter-jdbc/2.5.8/spring-boot-starter-jdbc-2.5.8.jar
7f72be16a000-7f72be183000 r--s 001e5000 08:05 660455                     /home/admin/.m2/repository/org/aspectj/aspectjweaver/1.9.7/aspectjweaver-1.9.7.jar
7f72be183000-7f72be18c000 r--s 00055000 08:05 660453                     /home/admin/.m2/repository/org/springframework/spring-aop/5.3.14/spring-aop-5.3.14.jar
7f72be18c000-7f72be18d000 r--s 00001000 08:05 660451                     /home/admin/.m2/repository/org/springframework/boot/spring-boot-starter-aop/2.5.8/spring-boot-starter-aop-2.5.8.jar
7f72be18d000-7f72be18e000 r--s 00001000 08:05 660449                     /home/admin/.m2/repository/org/springframework/boot/spring-boot-starter-data-jpa/2.5.8/spring-boot-starter-data-jpa-2.5.8.jar
7f72be18e000-7f72be24e000 rw-p 00000000 00:00 0 
7f72be24e000-7f72be38e000 ---p 00000000 00:00 0 
7f72be38e000-7f72be407000 r--s 01107000 08:05 1845584                    /usr/lib/jvm/java-8-openjdk-amd64/lib/tools.jar
7f72be407000-7f72be409000 r--s 00004000 08:05 660045                     /home/admin/.m2/repository/org/codehaus/plexus/plexus-compiler-javac/2.8.4/plexus-compiler-javac-2.8.4.jar
7f72be409000-7f72be40b000 r--s 00000000 08:05 660043                     /home/admin/.m2/repository/org/codehaus/plexus/plexus-compiler-manager/2.8.4/plexus-compiler-manager-2.8.4.jar
7f72be40b000-7f72be40d000 r--s 00005000 08:05 660041                     /home/admin/.m2/repository/org/codehaus/plexus/plexus-compiler-api/2.8.4/plexus-compiler-api-2.8.4.jar
7f72be40d000-7f72be414000 r--s 00047000 08:05 660039                     /home/admin/.m2/repository/com/thoughtworks/qdox/qdox/2.0-M9/qdox-2.0-M9.jar
7f72be414000-7f72be416000 r--s 0001a000 08:05 660037                     /home/admin/.m2/repository/org/ow2/asm/asm/6.2/asm-6.2.jar
7f72be416000-7f72be418000 r--s 00008000 08:05 660035                     /home/admin/.m2/repository/org/codehaus/plexus/plexus-java/0.9.10/plexus-java-0.9.10.jar
7f72be418000-7f72be41a000 r--s 00002000 08:05 660033                     /home/admin/.m2/repository/org/apache/maven/shared/maven-shared-incremental/1.1/maven-shared-incremental-1.1.jar
7f72be41a000-7f72be41c000 r--s 0000d000 08:05 660019                     /home/admin/.m2/repository/org/codehaus/plexus/plexus-interpolation/1.14/plexus-interpolation-1.14.jar
7f72be41c000-7f72be420000 r--s 00017000 08:05 660017                     /home/admin/.m2/repository/org/sonatype/aether/aether-util/1.7/aether-util-1.7.jar
7f72be420000-7f72be422000 r--s 0000e000 08:05 659460                     /home/admin/.m2/repository/org/apache/maven/plugins/maven-compiler-plugin/3.8.1/maven-compiler-plugin-3.8.1.jar
7f72be422000-7f72be622000 rw-p 00000000 00:00 0 
7f72be622000-7f72be62a000 r--s 00073000 08:05 1046650                    /home/admin/.m2/repository/org/apache/commons/commons-lang3/3.8.1/commons-lang3-3.8.1.jar
7f72be62a000-7f72be62e000 r--s 00031000 08:05 931121                     /home/admin/.m2/repository/commons-io/commons-io/2.6/commons-io-2.6.jar
7f72be62e000-7f72be630000 r--s 00001000 08:05 1046636                    /home/admin/.m2/repository/org/sonatype/plexus/plexus-build-api/0.0.7/plexus-build-api-0.0.7.jar
7f72be630000-7f72be633000 r--s 00023000 08:05 931119                     /home/admin/.m2/repository/org/apache/maven/shared/maven-shared-utils/3.3.3/maven-shared-utils-3.3.3.jar
7f72be633000-7f72be635000 r--s 0000b000 08:05 931117                     /home/admin/.m2/repository/org/apache/maven/shared/maven-filtering/3.2.0/maven-filtering-3.2.0.jar
7f72be635000-7f72be636000 r--s 0000a000 08:05 931115                     /home/admin/.m2/repository/asm/asm/3.3.1/asm-3.3.1.jar
7f72be636000-7f72be63c000 r--s 0002c000 08:05 931113                     /home/admin/.m2/repository/org/eclipse/sisu/org.eclipse.sisu.inject/0.0.0.M2a/org.eclipse.sisu.inject-0.0.0.M2a.jar
7f72be63c000-7f72be63e000 r--s 00000000 08:05 931111                     /home/admin/.m2/repository/aopalliance/aopalliance/1.0/aopalliance-1.0.jar
7f72be63e000-7f72be646000 r--s 00050000 08:05 931109                     /home/admin/.m2/repository/org/sonatype/sisu/sisu-guice/3.1.0/sisu-guice-3.1.0-no_aop.jar
7f72be646000-7f72be649000 r--s 00006000 08:05 931107                     /home/admin/.m2/repository/com/google/code/findbugs/jsr305/1.3.9/jsr305-1.3.9.jar
7f72be649000-7f72be667000 r--s 00151000 08:05 931105                     /home/admin/.m2/repository/com/google/guava/guava/10.0.1/guava-10.0.1.jar
7f72be667000-7f72be66a000 r--s 00008000 08:05 931099                     /home/admin/.m2/repository/javax/enterprise/cdi-api/1.0/cdi-api-1.0.jar
7f72be66a000-7f72be66d000 r--s 00012000 08:05 931095                     /home/admin/.m2/repository/org/codehaus/plexus/plexus-interpolation/1.26/plexus-interpolation-1.26.jar
7f72be66d000-7f72be66f000 r--s 00000000 08:05 931093                     /home/admin/.m2/repository/org/codehaus/plexus/plexus-component-annotations/2.0.0/plexus-component-annotations-2.0.0.jar
7f72be66f000-7f72be671000 r--s 00002000 08:05 660027                     /home/admin/.m2/repository/org/sonatype/plexus/plexus-cipher/1.4/plexus-cipher-1.4.jar
7f72be671000-7f72be672000 r--s 00006000 08:05 660025                     /home/admin/.m2/repository/org/sonatype/plexus/plexus-sec-dispatcher/1.3/plexus-sec-dispatcher-1.3.jar
7f72be672000-7f72be676000 r--s 00035000 08:05 931087                     /home/admin/.m2/repository/org/codehaus/plexus/plexus-utils/3.0.10/plexus-utils-3.0.10.jar
7f72be676000-7f72be67a000 r--s 0001d000 08:05 931085                     /home/admin/.m2/repository/org/eclipse/aether/aether-util/0.9.0.M2/aether-util-0.9.0.M2.jar
7f72be67a000-7f72be67c000 r--s 00007000 08:05 659452                     /home/admin/.m2/repository/org/apache/maven/plugins/maven-resources-plugin/3.2.0/maven-resources-plugin-3.2.0.jar
7f72be67c000-7f72be680000 r--s 0002f000 08:05 660031                     /home/admin/.m2/repository/commons-io/commons-io/2.5/commons-io-2.5.jar
7f72be680000-7f72be683000 r--s 00026000 08:05 660029                     /home/admin/.m2/repository/org/apache/maven/shared/maven-shared-utils/3.2.1/maven-shared-utils-3.2.1.jar
7f72be683000-7f72be68e000 r--s 00069000 08:05 659993                     /home/admin/.m2/repository/org/sonatype/sisu/sisu-guice/2.1.7/sisu-guice-2.1.7-noaop.jar
7f72be68e000-7f72be693000 r--s 00021000 08:05 659991                     /home/admin/.m2/repository/org/sonatype/sisu/sisu-inject-bean/1.4.2/sisu-inject-bean-1.4.2.jar
7f72be693000-7f72be695000 r--s 00000000 08:05 660023                     /home/admin/.m2/repository/org/codehaus/plexus/plexus-component-annotations/1.7.1/plexus-component-annotations-1.7.1.jar
7f72be695000-7f72be699000 r--s 00033000 08:05 659997                     /home/admin/.m2/repository/org/codehaus/plexus/plexus-utils/2.0.4/plexus-utils-2.0.4.jar
7f72be699000-7f72be69b000 r--s 00006000 08:05 659444                     /home/admin/.m2/repository/org/apache/maven/plugins/maven-clean-plugin/3.1.0/maven-clean-plugin-3.1.0.jar
7f72be69b000-7f72be89b000 rw-p 00000000 00:00 0 
7f72be89b000-7f72be8ac000 r--s 001c5000 08:05 1460170                    /usr/lib/jvm/java-8-openjdk-amd64/jre/lib/jsse.jar
7f72be8ac000-7f72beaac000 rw-p 00000000 00:00 0 
7f72beaac000-7f72becac000 rw-p 00000000 00:00 0 
7f72becac000-7f72beeac000 rw-p 00000000 00:00 0 
7f72beeac000-7f72beeae000 r--s 0000b000 08:05 1966658                    /usr/share/java/wagon-provider-api.jar
7f72beeae000-7f72beeb2000 r--s 0003b000 08:05 1966648                    /usr/share/java/plexus-utils2.jar
7f72beeb2000-7f72beeb3000 r--s 00004000 08:05 1968099                    /usr/share/java/maven3-slf4j-provider.jar
7f72beeb3000-7f72beeba000 r--s 00054000 08:05 1968083                    /usr/share/java/sisu-inject.jar
7f72beeba000-7f72beebb000 r--s 00003000 08:05 1968052                    /usr/share/java/plexus-cipher.jar
7f72beebb000-7f72beebd000 r--s 00008000 08:05 1966661                    /usr/share/java/maven-resolver-connector-basic.jar
7f72beebd000-7f72beebf000 r--s 00001000 08:05 1968088                    /usr/share/java/maven3-builder-support.jar
7f72beebf000-7f72beec4000 r--s 00021000 08:05 1967003                    /usr/share/java/maven-resolver-util.jar
7f72beec4000-7f72beec6000 r--s 00009000 08:05 1968066                    /usr/share/java/slf4j-api.jar
7f72beec6000-7f72beecb000 r--s 00025000 08:05 1968092                    /usr/share/java/maven3-model-builder.jar
7f72beecb000-7f72beef7000 r--s 00208000 08:05 1966441                    /usr/share/java/guava.jar
7f72beef7000-7f72beef9000 r--s 00007000 08:05 1966467                    /usr/share/java/jansi.jar
7f72beef9000-7f72beefb000 r--s 00003000 08:05 1968063                    /usr/share/java/jcl-over-slf4j.jar
7f72beefb000-7f72bef02000 r--s 00041000 08:05 1968089                    /usr/share/java/maven3-compat.jar
7f72bef02000-7f72bef04000 r--s 0000d000 08:05 1968096                    /usr/share/java/maven3-resolver-provider.jar
7f72bef04000-7f72bef05000 r--s 00001000 08:05 1968126                    /usr/share/java/wagon-file.jar
7f72bef05000-7f72bef06000 r--s 0000a000 08:05 1968098                    /usr/share/java/maven3-settings.jar
7f72bef06000-7f72bef09000 r--s 00007000 08:05 1968097                    /usr/share/java/maven3-settings-builder.jar
7f72bef09000-7f72bef0b000 r--s 0000a000 08:05 1966100                    /usr/share/java/commons-cli.jar
7f72bef0b000-7f72bef0e000 r--s 00024000 08:05 1968050                    /usr/share/java/maven-shared-utils.jar
7f72bef0e000-7f72bef10000 r--s 00000000 08:05 1968056                    /usr/share/java/plexus-component-annotations.jar
7f72bef10000-7f72bef11000 r--s 00000000 08:05 1965535                    /usr/share/java/atinject-jsr330-api-1.0.jar
7f72bef11000-7f72bef13000 r--s 00005000 08:05 1967002                    /usr/share/java/maven-resolver-transport-wagon.jar
7f72bef13000-7f72bef17000 r--s 00027000 08:05 1966924                    /usr/share/java/maven-resolver-impl.jar
7f72bef17000-7f72bef18000 r--s 00001000 08:05 1965607                    /usr/share/java/geronimo-interceptor-3.0-spec.jar
7f72bef18000-7f72bef19000 r--s 00000000 08:05 1965535                    /usr/share/java/atinject-jsr330-api-1.0.jar
7f72bef19000-7f72bef1c000 r--s 0000e000 08:05 1966071                    /usr/share/java/cdi-api.jar
7f72bef1c000-7f72bef24000 r--s 00072000 08:05 1966382                    /usr/share/java/commons-lang3.jar
7f72bef24000-7f72bef25000 r--s 00002000 08:05 1966426                    /usr/share/java/geronimo-annotation-1.3-spec.jar
7f72bef25000-7f72bef27000 r--s 0000a000 08:05 1968094                    /usr/share/java/maven3-plugin-api.jar
7f72bef27000-7f72bef29000 r--s 00006000 08:05 1966932                    /usr/share/java/maven-resolver-spi.jar
7f72bef29000-7f72bef2d000 r--s 0001f000 08:05 1966660                    /usr/share/java/maven-resolver-api.jar
7f72bef2d000-7f72bef2f000 r--s 00006000 08:05 1968061                    /usr/share/java/plexus-sec-dispatcher.jar
7f72bef2f000-7f72bef30000 r--s 00006000 08:05 1968095                    /usr/share/java/maven3-repository-metadata.jar
7f72bef30000-7f72bef33000 r--s 00015000 08:05 1968091                    /usr/share/java/maven3-embedder.jar
7f72bef33000-7f72bef36000 r--s 00027000 08:05 1968093                    /usr/share/java/maven3-model.jar
7f72bef36000-7f72bef39000 r--s 0000a000 08:05 1968087                    /usr/share/java/maven3-artifact.jar
7f72bef39000-7f72bef46000 r--s 0008b000 08:05 1968090                    /usr/share/java/maven3-core.jar
7f72bef46000-7f72bef73000 r--s 001ce000 08:05 1968128                    /usr/share/java/wagon-http-shaded-3.0.0.jar
7f72bef73000-7f72bef77000 r--s 00030000 08:05 1966130                    /usr/share/java/commons-io.jar
7f72bef77000-7f72bef85000 r--s 0009a000 08:05 1966453                    /usr/share/java/guice.jar
7f72bef85000-7f72bef88000 r--s 00011000 08:05 1968059                    /usr/share/java/plexus-interpolation.jar
7f72bef88000-7f72bef8e000 r--s 0002d000 08:05 1968085                    /usr/share/java/sisu-plexus.jar
7f72bef8e000-7f72bef90000 r--s 00001000 08:05 1966443                    /usr/share/java/aopalliance-1.0.jar
7f72bef90000-7f72befc1000 rw-p 00000000 00:00 0 
7f72befc1000-7f72befd9000 r-xp 00000000 08:05 1447623                    /usr/lib/jvm/java-8-openjdk-amd64/jre/lib/amd64/libnet.so
7f72befd9000-7f72bf1d8000 ---p 00018000 08:05 1447623                    /usr/lib/jvm/java-8-openjdk-amd64/jre/lib/amd64/libnet.so
7f72bf1d8000-7f72bf1d9000 r--p 00017000 08:05 1447623                    /usr/lib/jvm/java-8-openjdk-amd64/jre/lib/amd64/libnet.so
7f72bf1d9000-7f72bf1da000 rw-p 00018000 08:05 1447623                    /usr/lib/jvm/java-8-openjdk-amd64/jre/lib/amd64/libnet.so
7f72bf1da000-7f72bf1ec000 r-xp 00000000 08:05 1447624                    /usr/lib/jvm/java-8-openjdk-amd64/jre/lib/amd64/libnio.so
7f72bf1ec000-7f72bf3eb000 ---p 00012000 08:05 1447624                    /usr/lib/jvm/java-8-openjdk-amd64/jre/lib/amd64/libnio.so
7f72bf3eb000-7f72bf3ec000 r--p 00011000 08:05 1447624                    /usr/lib/jvm/java-8-openjdk-amd64/jre/lib/amd64/libnio.so
7f72bf3ec000-7f72bf3ed000 rw-p 00012000 08:05 1447624                    /usr/lib/jvm/java-8-openjdk-amd64/jre/lib/amd64/libnio.so
7f72bf3ed000-7f72bf3ef000 r--s 0000b000 08:05 1968054                    /usr/share/java/plexus-classworlds.jar
7f72bf3ef000-7f72bf3f1000 r--s 00001000 08:05 1582919                    /usr/lib/jvm/java-8-openjdk-amd64/jre/lib/ext/dnsns.jar
7f72bf3f1000-7f72bf40c000 r--s 001d6000 08:05 1582923                    /usr/lib/jvm/java-8-openjdk-amd64/jre/lib/ext/nashorn.jar
7f72bf40c000-7f72bf417000 r--s 00116000 08:05 1582922                    /usr/lib/jvm/java-8-openjdk-amd64/jre/lib/ext/localedata.jar
7f72bf417000-7f72bf419000 r--s 00007000 08:05 1975741                    /usr/share/java/java-atk-wrapper.jar
7f72bf419000-7f72bf41a000 ---p 00000000 00:00 0 
7f72bf41a000-7f72bf51a000 rw-p 00000000 00:00 0 
7f72bf51a000-7f72bf51d000 ---p 00000000 00:00 0 
7f72bf51d000-7f72bf61b000 rw-p 00000000 00:00 0 
7f72bf61b000-7f72bf61c000 ---p 00000000 00:00 0 
7f72bf61c000-7f72bf61f000 ---p 00000000 00:00 0 
7f72bf61f000-7f72bf71c000 rw-p 00000000 00:00 0 
7f72bf71c000-7f72bf71d000 ---p 00000000 00:00 0 
7f72bf71d000-7f72bf720000 ---p 00000000 00:00 0 
7f72bf720000-7f72bf81d000 rw-p 00000000 00:00 0 
7f72bf81d000-7f72bf81e000 ---p 00000000 00:00 0 
7f72bf81e000-7f72bf821000 ---p 00000000 00:00 0 
7f72bf821000-7f72bf91e000 rw-p 00000000 00:00 0 
7f72bf91e000-7f72bf921000 ---p 00000000 00:00 0 
7f72bf921000-7f72bfa1f000 rw-p 00000000 00:00 0 
7f72bfa1f000-7f72bfcfd000 r--p 00000000 08:05 1439557                    /usr/lib/locale/locale-archive
7f72bfcfd000-7f72bfd00000 ---p 00000000 00:00 0 
7f72bfd00000-7f72bfdfe000 rw-p 00000000 00:00 0 
7f72bfdfe000-7f72bfe01000 ---p 00000000 00:00 0 
7f72bfe01000-7f72bfeff000 rw-p 00000000 00:00 0 
7f72bfeff000-7f72bff00000 ---p 00000000 00:00 0 
7f72bff00000-7f72c0000000 rw-p 00000000 00:00 0 
7f72c0000000-7f72c0021000 rw-p 00000000 00:00 0 
7f72c0021000-7f72c4000000 ---p 00000000 00:00 0 
7f72c4000000-7f72c4001000 r--s 0000a000 08:05 1582921                    /usr/lib/jvm/java-8-openjdk-amd64/jre/lib/ext/jaccess.jar
7f72c4001000-7f72c401c000 r--s 00394000 08:05 1582918                    /usr/lib/jvm/java-8-openjdk-amd64/jre/lib/ext/cldrdata.jar
7f72c401c000-7f72c401f000 r--s 0000f000 08:05 1582920                    /usr/lib/jvm/java-8-openjdk-amd64/jre/lib/ext/icedtea-sound.jar
7f72c401f000-7f72c5000000 rw-p 00000000 00:00 0 
7f72c5000000-7f72c5d20000 rwxp 00000000 00:00 0 
7f72c5d20000-7f72d4000000 ---p 00000000 00:00 0 
7f72d4000000-7f72d52ed000 rw-p 00000000 00:00 0 
7f72d52ed000-7f72d8000000 ---p 00000000 00:00 0 
7f72d8000000-7f72d8002000 r--s 00010000 08:05 1582927                    /usr/lib/jvm/java-8-openjdk-amd64/jre/lib/ext/zipfs.jar
7f72d8002000-7f72d8008000 r--s 0003d000 08:05 1582925                    /usr/lib/jvm/java-8-openjdk-amd64/jre/lib/ext/sunjce_provider.jar
7f72d8008000-7f72d800c000 r--s 00041000 08:05 1582926                    /usr/lib/jvm/java-8-openjdk-amd64/jre/lib/ext/sunpkcs11.jar
7f72d800c000-7f72d8012000 r--s 000d3000 08:05 1460169                    /usr/lib/jvm/java-8-openjdk-amd64/jre/lib/jfr.jar
7f72d8012000-7f72d8033000 rw-p 00000000 00:00 0 
7f72d8033000-7f72d8205000 r--s 03cab000 08:05 1460175                    /usr/lib/jvm/java-8-openjdk-amd64/jre/lib/rt.jar
7f72d8205000-7f72d9a33000 rw-p 00000000 00:00 0 
7f72d9a33000-7f72d9a34000 ---p 00000000 00:00 0 
7f72d9a34000-7f72d9b34000 rw-p 00000000 00:00 0 
7f72d9b34000-7f72d9b35000 ---p 00000000 00:00 0 
7f72d9b35000-7f72d9c35000 rw-p 00000000 00:00 0 
7f72d9c35000-7f72d9c36000 ---p 00000000 00:00 0 
7f72d9c36000-7f72d9d36000 rw-p 00000000 00:00 0 
7f72d9d36000-7f72d9d37000 ---p 00000000 00:00 0 
7f72d9d37000-7f72d9e49000 rw-p 00000000 00:00 0 
7f72d9e49000-7f72d9ed0000 ---p 00000000 00:00 0 
7f72d9ed0000-7f72d9f05000 rw-p 00000000 00:00 0 
7f72d9f05000-7f72da290000 ---p 00000000 00:00 0 
7f72da290000-7f72da298000 r-xp 00000000 08:05 1447662                    /usr/lib/jvm/java-8-openjdk-amd64/jre/lib/amd64/libzip.so
7f72da298000-7f72da497000 ---p 00008000 08:05 1447662                    /usr/lib/jvm/java-8-openjdk-amd64/jre/lib/amd64/libzip.so
7f72da497000-7f72da498000 r--p 00007000 08:05 1447662                    /usr/lib/jvm/java-8-openjdk-amd64/jre/lib/amd64/libzip.so
7f72da498000-7f72da499000 rw-p 00008000 08:05 1447662                    /usr/lib/jvm/java-8-openjdk-amd64/jre/lib/amd64/libzip.so
7f72da499000-7f72da4a4000 r-xp 00000000 08:05 1845603                    /lib/x86_64-linux-gnu/libnss_files-2.27.so
7f72da4a4000-7f72da6a3000 ---p 0000b000 08:05 1845603                    /lib/x86_64-linux-gnu/libnss_files-2.27.so
7f72da6a3000-7f72da6a4000 r--p 0000a000 08:05 1845603                    /lib/x86_64-linux-gnu/libnss_files-2.27.so
7f72da6a4000-7f72da6a5000 rw-p 0000b000 08:05 1845603                    /lib/x86_64-linux-gnu/libnss_files-2.27.so
7f72da6a5000-7f72da6ab000 rw-p 00000000 00:00 0 
7f72da6ab000-7f72da6c2000 r-xp 00000000 08:05 1845600                    /lib/x86_64-linux-gnu/libnsl-2.27.so
7f72da6c2000-7f72da8c1000 ---p 00017000 08:05 1845600                    /lib/x86_64-linux-gnu/libnsl-2.27.so
7f72da8c1000-7f72da8c2000 r--p 00016000 08:05 1845600                    /lib/x86_64-linux-gnu/libnsl-2.27.so
7f72da8c2000-7f72da8c3000 rw-p 00017000 08:05 1845600                    /lib/x86_64-linux-gnu/libnsl-2.27.so
7f72da8c3000-7f72da8c5000 rw-p 00000000 00:00 0 
7f72da8c5000-7f72da8d0000 r-xp 00000000 08:05 1845605                    /lib/x86_64-linux-gnu/libnss_nis-2.27.so
7f72da8d0000-7f72daacf000 ---p 0000b000 08:05 1845605                    /lib/x86_64-linux-gnu/libnss_nis-2.27.so
7f72daacf000-7f72daad0000 r--p 0000a000 08:05 1845605                    /lib/x86_64-linux-gnu/libnss_nis-2.27.so
7f72daad0000-7f72daad1000 rw-p 0000b000 08:05 1845605                    /lib/x86_64-linux-gnu/libnss_nis-2.27.so
7f72daad1000-7f72daad9000 r-xp 00000000 08:05 1845601                    /lib/x86_64-linux-gnu/libnss_compat-2.27.so
7f72daad9000-7f72dacd9000 ---p 00008000 08:05 1845601                    /lib/x86_64-linux-gnu/libnss_compat-2.27.so
7f72dacd9000-7f72dacda000 r--p 00008000 08:05 1845601                    /lib/x86_64-linux-gnu/libnss_compat-2.27.so
7f72dacda000-7f72dacdb000 rw-p 00009000 08:05 1845601                    /lib/x86_64-linux-gnu/libnss_compat-2.27.so
7f72dacdb000-7f72dad05000 r-xp 00000000 08:05 1447612                    /usr/lib/jvm/java-8-openjdk-amd64/jre/lib/amd64/libjava.so
7f72dad05000-7f72daf05000 ---p 0002a000 08:05 1447612                    /usr/lib/jvm/java-8-openjdk-amd64/jre/lib/amd64/libjava.so
7f72daf05000-7f72daf06000 r--p 0002a000 08:05 1447612                    /usr/lib/jvm/java-8-openjdk-amd64/jre/lib/amd64/libjava.so
7f72daf06000-7f72daf08000 rw-p 0002b000 08:05 1447612                    /usr/lib/jvm/java-8-openjdk-amd64/jre/lib/amd64/libjava.so
7f72daf08000-7f72daf18000 r-xp 00000000 08:05 1447661                    /usr/lib/jvm/java-8-openjdk-amd64/jre/lib/amd64/libverify.so
7f72daf18000-7f72db117000 ---p 00010000 08:05 1447661                    /usr/lib/jvm/java-8-openjdk-amd64/jre/lib/amd64/libverify.so
7f72db117000-7f72db119000 r--p 0000f000 08:05 1447661                    /usr/lib/jvm/java-8-openjdk-amd64/jre/lib/amd64/libverify.so
7f72db119000-7f72db11a000 rw-p 00011000 08:05 1447661                    /usr/lib/jvm/java-8-openjdk-amd64/jre/lib/amd64/libverify.so
7f72db11a000-7f72db121000 r-xp 00000000 08:05 1845610                    /lib/x86_64-linux-gnu/librt-2.27.so
7f72db121000-7f72db320000 ---p 00007000 08:05 1845610                    /lib/x86_64-linux-gnu/librt-2.27.so
7f72db320000-7f72db321000 r--p 00006000 08:05 1845610                    /lib/x86_64-linux-gnu/librt-2.27.so
7f72db321000-7f72db322000 rw-p 00007000 08:05 1845610                    /lib/x86_64-linux-gnu/librt-2.27.so
7f72db322000-7f72db339000 r-xp 00000000 08:05 1836662                    /lib/x86_64-linux-gnu/libgcc_s.so.1
7f72db339000-7f72db538000 ---p 00017000 08:05 1836662                    /lib/x86_64-linux-gnu/libgcc_s.so.1
7f72db538000-7f72db539000 r--p 00016000 08:05 1836662                    /lib/x86_64-linux-gnu/libgcc_s.so.1
7f72db539000-7f72db53a000 rw-p 00017000 08:05 1836662                    /lib/x86_64-linux-gnu/libgcc_s.so.1
7f72db53a000-7f72db6d7000 r-xp 00000000 08:05 1845597                    /lib/x86_64-linux-gnu/libm-2.27.so
7f72db6d7000-7f72db8d6000 ---p 0019d000 08:05 1845597                    /lib/x86_64-linux-gnu/libm-2.27.so
7f72db8d6000-7f72db8d7000 r--p 0019c000 08:05 1845597                    /lib/x86_64-linux-gnu/libm-2.27.so
7f72db8d7000-7f72db8d8000 rw-p 0019d000 08:05 1845597                    /lib/x86_64-linux-gnu/libm-2.27.so
7f72db8d8000-7f72dba51000 r-xp 00000000 08:05 1441184                    /usr/lib/x86_64-linux-gnu/libstdc++.so.6.0.25
7f72dba51000-7f72dbc51000 ---p 00179000 08:05 1441184                    /usr/lib/x86_64-linux-gnu/libstdc++.so.6.0.25
7f72dbc51000-7f72dbc5b000 r--p 00179000 08:05 1441184                    /usr/lib/x86_64-linux-gnu/libstdc++.so.6.0.25
7f72dbc5b000-7f72dbc5d000 rw-p 00183000 08:05 1441184                    /usr/lib/x86_64-linux-gnu/libstdc++.so.6.0.25
7f72dbc5d000-7f72dbc61000 rw-p 00000000 00:00 0 
7f72dbc61000-7f72dc9d2000 r-xp 00000000 08:05 1447983                    /usr/lib/jvm/java-8-openjdk-amd64/jre/lib/amd64/server/libjvm.so
7f72dc9d2000-7f72dcbd2000 ---p 00d71000 08:05 1447983                    /usr/lib/jvm/java-8-openjdk-amd64/jre/lib/amd64/server/libjvm.so
7f72dcbd2000-7f72dcc68000 r--p 00d71000 08:05 1447983                    /usr/lib/jvm/java-8-openjdk-amd64/jre/lib/amd64/server/libjvm.so
7f72dcc68000-7f72dcc91000 rw-p 00e07000 08:05 1447983                    /usr/lib/jvm/java-8-openjdk-amd64/jre/lib/amd64/server/libjvm.so
7f72dcc91000-7f72dccc4000 rw-p 00000000 00:00 0 
7f72dccc4000-7f72dccde000 r-xp 00000000 08:05 1845608                    /lib/x86_64-linux-gnu/libpthread-2.27.so
7f72dccde000-7f72dcedd000 ---p 0001a000 08:05 1845608                    /lib/x86_64-linux-gnu/libpthread-2.27.so
7f72dcedd000-7f72dcede000 r--p 00019000 08:05 1845608                    /lib/x86_64-linux-gnu/libpthread-2.27.so
7f72dcede000-7f72dcedf000 rw-p 0001a000 08:05 1845608                    /lib/x86_64-linux-gnu/libpthread-2.27.so
7f72dcedf000-7f72dcee3000 rw-p 00000000 00:00 0 
7f72dcee3000-7f72dcee6000 r-xp 00000000 08:05 1845596                    /lib/x86_64-linux-gnu/libdl-2.27.so
7f72dcee6000-7f72dd0e5000 ---p 00003000 08:05 1845596                    /lib/x86_64-linux-gnu/libdl-2.27.so
7f72dd0e5000-7f72dd0e6000 r--p 00002000 08:05 1845596                    /lib/x86_64-linux-gnu/libdl-2.27.so
7f72dd0e6000-7f72dd0e7000 rw-p 00003000 08:05 1845596                    /lib/x86_64-linux-gnu/libdl-2.27.so
7f72dd0e7000-7f72dd103000 r-xp 00000000 08:05 1837122                    /lib/x86_64-linux-gnu/libz.so.1.2.11
7f72dd103000-7f72dd302000 ---p 0001c000 08:05 1837122                    /lib/x86_64-linux-gnu/libz.so.1.2.11
7f72dd302000-7f72dd303000 r--p 0001b000 08:05 1837122                    /lib/x86_64-linux-gnu/libz.so.1.2.11
7f72dd303000-7f72dd304000 rw-p 0001c000 08:05 1837122                    /lib/x86_64-linux-gnu/libz.so.1.2.11
7f72dd304000-7f72dd4eb000 r-xp 00000000 08:05 1845593                    /lib/x86_64-linux-gnu/libc-2.27.so
7f72dd4eb000-7f72dd6eb000 ---p 001e7000 08:05 1845593                    /lib/x86_64-linux-gnu/libc-2.27.so
7f72dd6eb000-7f72dd6ef000 r--p 001e7000 08:05 1845593                    /lib/x86_64-linux-gnu/libc-2.27.so
7f72dd6ef000-7f72dd6f1000 rw-p 001eb000 08:05 1845593                    /lib/x86_64-linux-gnu/libc-2.27.so
7f72dd6f1000-7f72dd6f5000 rw-p 00000000 00:00 0 
7f72dd6f5000-7f72dd703000 r-xp 00000000 08:05 1442289                    /usr/lib/jvm/java-8-openjdk-amd64/jre/lib/amd64/jli/libjli.so
7f72dd703000-7f72dd902000 ---p 0000e000 08:05 1442289                    /usr/lib/jvm/java-8-openjdk-amd64/jre/lib/amd64/jli/libjli.so
7f72dd902000-7f72dd903000 r--p 0000d000 08:05 1442289                    /usr/lib/jvm/java-8-openjdk-amd64/jre/lib/amd64/jli/libjli.so
7f72dd903000-7f72dd904000 rw-p 0000e000 08:05 1442289                    /usr/lib/jvm/java-8-openjdk-amd64/jre/lib/amd64/jli/libjli.so
7f72dd904000-7f72dd92d000 r-xp 00000000 08:05 1845589                    /lib/x86_64-linux-gnu/ld-2.27.so
7f72dd92d000-7f72dd93f000 rw-p 00000000 00:00 0 
7f72dd93f000-7f72dd9c5000 ---p 00000000 00:00 0 
7f72dd9c5000-7f72dda01000 rw-p 00000000 00:00 0 
7f72dda01000-7f72dda12000 ---p 00000000 00:00 0 
7f72dda12000-7f72dda13000 rw-p 00000000 00:00 0 
7f72dda13000-7f72dda14000 ---p 00000000 00:00 0 
7f72dda14000-7f72dda17000 ---p 00000000 00:00 0 
7f72dda17000-7f72ddb16000 rw-p 00000000 00:00 0 
7f72ddb16000-7f72ddb18000 r--s 00008000 08:05 1582924                    /usr/lib/jvm/java-8-openjdk-amd64/jre/lib/ext/sunec.jar
7f72ddb18000-7f72ddb21000 rw-p 00000000 00:00 0 
7f72ddb21000-7f72ddb29000 rw-s 00000000 08:05 1308227                    /tmp/hsperfdata_admin/5460
7f72ddb29000-7f72ddb2a000 rw-p 00000000 00:00 0 
7f72ddb2a000-7f72ddb2b000 ---p 00000000 00:00 0 
7f72ddb2b000-7f72ddb2d000 rw-p 00000000 00:00 0 
7f72ddb2d000-7f72ddb2e000 r--p 00029000 08:05 1845589                    /lib/x86_64-linux-gnu/ld-2.27.so
7f72ddb2e000-7f72ddb2f000 rw-p 0002a000 08:05 1845589                    /lib/x86_64-linux-gnu/ld-2.27.so
7f72ddb2f000-7f72ddb30000 rw-p 00000000 00:00 0 
7ffdf9860000-7ffdf9881000 rw-p 00000000 00:00 0                          [stack]
7ffdf9930000-7ffdf9933000 r--p 00000000 00:00 0                          [vvar]
7ffdf9933000-7ffdf9935000 r-xp 00000000 00:00 0                          [vdso]
ffffffffff600000-ffffffffff601000 r-xp 00000000 00:00 0                  [vsyscall]

VM Arguments:
jvm_args: -Dclassworlds.conf=/usr/share/maven/bin/m2.conf -Dmaven.home=/usr/share/maven -Dlibrary.jansi.path=/usr/share/maven/lib/jansi-native -Dmaven.multiModuleProjectDirectory=/home/admin/Documents/workspace-sts-3.9.10.RELEASE/EmployeeApp 
java_command: org.codehaus.plexus.classworlds.launcher.Launcher clean install
java_class_path (initial): /usr/share/maven/boot/plexus-classworlds-2.x.jar
Launcher Type: SUN_STANDARD

Environment Variables:
PATH=/home/admin/.local/bin:/usr/local/sbin:/usr/local/bin:/usr/sbin:/usr/bin:/sbin:/bin:/usr/games:/usr/local/games:/snap/bin
USERNAME=admin
SHELL=/bin/bash
DISPLAY=:0

Signal Handlers:
SIGSEGV: [libjvm.so+0xb6f390], sa_mask[0]=11111111011111111101111111111110, sa_flags=SA_RESTART|SA_SIGINFO
SIGBUS: [libjvm.so+0xb6f390], sa_mask[0]=11111111011111111101111111111110, sa_flags=SA_RESTART|SA_SIGINFO
SIGFPE: [libjvm.so+0x98ec90], sa_mask[0]=11111111011111111101111111111110, sa_flags=SA_RESTART|SA_SIGINFO
SIGPIPE: [libjvm.so+0x98ec90], sa_mask[0]=11111111011111111101111111111110, sa_flags=SA_RESTART|SA_SIGINFO
SIGXFSZ: [libjvm.so+0x98ec90], sa_mask[0]=11111111011111111101111111111110, sa_flags=SA_RESTART|SA_SIGINFO
SIGILL: [libjvm.so+0x98ec90], sa_mask[0]=11111111011111111101111111111110, sa_flags=SA_RESTART|SA_SIGINFO
SIGUSR1: SIG_DFL, sa_mask[0]=00000000000000000000000000000000, sa_flags=none
SIGUSR2: [libjvm.so+0x98eb40], sa_mask[0]=00000000000000000000000000000000, sa_flags=SA_RESTART|SA_SIGINFO
SIGHUP: [libjvm.so+0x98f1b0], sa_mask[0]=11111111011111111101111111111110, sa_flags=SA_RESTART|SA_SIGINFO
SIGINT: [libjvm.so+0x98f1b0], sa_mask[0]=11111111011111111101111111111110, sa_flags=SA_RESTART|SA_SIGINFO
SIGTERM: [libjvm.so+0x98f1b0], sa_mask[0]=11111111011111111101111111111110, sa_flags=SA_RESTART|SA_SIGINFO
SIGQUIT: [libjvm.so+0x98f1b0], sa_mask[0]=11111111011111111101111111111110, sa_flags=SA_RESTART|SA_SIGINFO


---------------  S Y S T E M  ---------------

OS:DISTRIB_ID=Ubuntu
DISTRIB_RELEASE=18.04
DISTRIB_CODENAME=bionic
DISTRIB_DESCRIPTION="Ubuntu 18.04.6 LTS"

uname:Linux 4.15.0-163-generic #171-Ubuntu SMP Fri Nov 5 11:55:11 UTC 2021 x86_64
libc:glibc 2.27 NPTL 2.27 
rlimit: STACK 8192k, CORE 0k, NPROC 7124, NOFILE 4096, AS infinity
load average:4.18 1.67 1.90

/proc/meminfo:
MemTotal:        1871104 kB
MemFree:           74516 kB
MemAvailable:          0 kB
Buffers:             404 kB
Cached:            96988 kB
SwapCached:           28 kB
Active:          1162588 kB
Inactive:         394032 kB
Active(anon):    1152304 kB
Inactive(anon):   383844 kB
Active(file):      10284 kB
Inactive(file):    10188 kB
Unevictable:          48 kB
Mlocked:              48 kB
SwapTotal:       2097148 kB
SwapFree:              0 kB
Dirty:               136 kB
Writeback:             0 kB
AnonPages:       1459840 kB
Mapped:            17404 kB
Shmem:             76696 kB
Slab:              99788 kB
SReclaimable:      36820 kB
SUnreclaim:        62968 kB
KernelStack:       17424 kB
PageTables:        63652 kB
NFS_Unstable:          0 kB
Bounce:                0 kB
WritebackTmp:          0 kB
CommitLimit:     3032700 kB
Committed_AS:    9639804 kB
VmallocTotal:   34359738367 kB
VmallocUsed:           0 kB
VmallocChunk:          0 kB
HardwareCorrupted:     0 kB
AnonHugePages:         0 kB
ShmemHugePages:        0 kB
ShmemPmdMapped:        0 kB
CmaTotal:              0 kB
CmaFree:               0 kB
HugePages_Total:       0
HugePages_Free:        0
HugePages_Rsvd:        0
HugePages_Surp:        0
Hugepagesize:       2048 kB
DirectMap4k:      234744 kB
DirectMap2M:     1761280 kB

container (cgroup) information:
container_type: cgroupv1
cpu_cpuset_cpus: 0-3
cpu_memory_nodes: 0
active_processor_count: 4
cpu_quota: -1
cpu_period: 100000
cpu_shares: -1
memory_limit_in_bytes: -1
memory_and_swap_limit_in_bytes: -2
memory_soft_limit_in_bytes: -1
memory_usage_in_bytes: 1596801024
memory_max_usage_in_bytes: 7032832


CPU:total 4 (initial active 4) (2 cores per cpu, 2 threads per core) family 6 model 58 stepping 9, cmov, cx8, fxsr, mmx, sse, sse2, sse3, ssse3, sse4.1, sse4.2, popcnt, avx, clmul, erms, ht, tsc, tscinvbit, tscinv

/proc/cpuinfo:
processor	: 0
vendor_id	: GenuineIntel
cpu family	: 6
model		: 58
model name	: Intel(R) Core(TM) i3-3110M CPU @ 2.40GHz
stepping	: 9
microcode	: 0x21
cpu MHz		: 2394.545
cache size	: 3072 KB
physical id	: 0
siblings	: 4
core id		: 0
cpu cores	: 2
apicid		: 0
initial apicid	: 0
fpu		: yes
fpu_exception	: yes
cpuid level	: 13
wp		: yes
flags		: fpu vme de pse tsc msr pae mce cx8 apic sep mtrr pge mca cmov pat pse36 clflush dts acpi mmx fxsr sse sse2 ss ht tm pbe syscall nx rdtscp lm constant_tsc arch_perfmon pebs bts rep_good nopl xtopology nonstop_tsc cpuid aperfmperf pni pclmulqdq dtes64 monitor ds_cpl vmx est tm2 ssse3 cx16 xtpr pdcm pcid sse4_1 sse4_2 x2apic popcnt tsc_deadline_timer xsave avx f16c lahf_lm cpuid_fault epb pti ssbd ibrs ibpb stibp tpr_shadow vnmi flexpriority ept vpid fsgsbase smep erms xsaveopt dtherm arat pln pts md_clear flush_l1d
bugs		: cpu_meltdown spectre_v1 spectre_v2 spec_store_bypass l1tf mds swapgs itlb_multihit
bogomips	: 4789.12
clflush size	: 64
cache_alignment	: 64
address sizes	: 36 bits physical, 48 bits virtual
power management:

processor	: 1
vendor_id	: GenuineIntel
cpu family	: 6
model		: 58
model name	: Intel(R) Core(TM) i3-3110M CPU @ 2.40GHz
stepping	: 9
microcode	: 0x21
cpu MHz		: 2394.578
cache size	: 3072 KB
physical id	: 0
siblings	: 4
core id		: 0
cpu cores	: 2
apicid		: 1
initial apicid	: 1
fpu		: yes
fpu_exception	: yes
cpuid level	: 13
wp		: yes
flags		: fpu vme de pse tsc msr pae mce cx8 apic sep mtrr pge mca cmov pat pse36 clflush dts acpi mmx fxsr sse sse2 ss ht tm pbe syscall nx rdtscp lm constant_tsc arch_perfmon pebs bts rep_good nopl xtopology nonstop_tsc cpuid aperfmperf pni pclmulqdq dtes64 monitor ds_cpl vmx est tm2 ssse3 cx16 xtpr pdcm pcid sse4_1 sse4_2 x2apic popcnt tsc_deadline_timer xsave avx f16c lahf_lm cpuid_fault epb pti ssbd ibrs ibpb stibp tpr_shadow vnmi flexpriority ept vpid fsgsbase smep erms xsaveopt dtherm arat pln pts md_clear flush_l1d
bugs		: cpu_meltdown spectre_v1 spectre_v2 spec_store_bypass l1tf mds swapgs itlb_multihit
bogomips	: 4789.12
clflush size	: 64
cache_alignment	: 64
address sizes	: 36 bits physical, 48 bits virtual
power management:

processor	: 2
vendor_id	: GenuineIntel
cpu family	: 6
model		: 58
model name	: Intel(R) Core(TM) i3-3110M CPU @ 2.40GHz
stepping	: 9
microcode	: 0x21
cpu MHz		: 2394.553
cache size	: 3072 KB
physical id	: 0
siblings	: 4
core id		: 1
cpu cores	: 2
apicid		: 2
initial apicid	: 2
fpu		: yes
fpu_exception	: yes
cpuid level	: 13
wp		: yes
flags		: fpu vme de pse tsc msr pae mce cx8 apic sep mtrr pge mca cmov pat pse36 clflush dts acpi mmx fxsr sse sse2 ss ht tm pbe syscall nx rdtscp lm constant_tsc arch_perfmon pebs bts rep_good nopl xtopology nonstop_tsc cpuid aperfmperf pni pclmulqdq dtes64 monitor ds_cpl vmx est tm2 ssse3 cx16 xtpr pdcm pcid sse4_1 sse4_2 x2apic popcnt tsc_deadline_timer xsave avx f16c lahf_lm cpuid_fault epb pti ssbd ibrs ibpb stibp tpr_shadow vnmi flexpriority ept vpid fsgsbase smep erms xsaveopt dtherm arat pln pts md_clear flush_l1d
bugs		: cpu_meltdown spectre_v1 spectre_v2 spec_store_bypass l1tf mds swapgs itlb_multihit
bogomips	: 4789.12
clflush size	: 64
cache_alignment	: 64
address sizes	: 36 bits physical, 48 bits virtual
power management:

processor	: 3
vendor_id	: GenuineIntel
cpu family	: 6
model		: 58
model name	: Intel(R) Core(TM) i3-3110M CPU @ 2.40GHz
stepping	: 9
microcode	: 0x21
cpu MHz		: 2394.563
cache size	: 3072 KB
physical id	: 0
siblings	: 4
core id		: 1
cpu cores	: 2
apicid		: 3
initial apicid	: 3
fpu		: yes
fpu_exception	: yes
cpuid level	: 13
wp		: yes
flags		: fpu vme de pse tsc msr pae mce cx8 apic sep mtrr pge mca cmov pat pse36 clflush dts acpi mmx fxsr sse sse2 ss ht tm pbe syscall nx rdtscp lm constant_tsc arch_perfmon pebs bts rep_good nopl xtopology nonstop_tsc cpuid aperfmperf pni pclmulqdq dtes64 monitor ds_cpl vmx est tm2 ssse3 cx16 xtpr pdcm pcid sse4_1 sse4_2 x2apic popcnt tsc_deadline_timer xsave avx f16c lahf_lm cpuid_fault epb pti ssbd ibrs ibpb stibp tpr_shadow vnmi flexpriority ept vpid fsgsbase smep erms xsaveopt dtherm arat pln pts md_clear flush_l1d
bugs		: cpu_meltdown spectre_v1 spectre_v2 spec_store_bypass l1tf mds swapgs itlb_multihit
bogomips	: 4789.12
clflush size	: 64
cache_alignment	: 64
address sizes	: 36 bits physical, 48 bits virtual
power management:



Memory: 4k page, physical 1871104k(77876k free), swap 2097148k(0k free)

vm_info: OpenJDK 64-Bit Server VM (25.312-b07) for linux-amd64 JRE (1.8.0_312-8u312-b07-0ubuntu1~18.04-b07), built on Nov  3 2021 13:54:59 by "buildd" with gcc 7.5.0

time: Mon Jan  3 21:39:17 2022
timezone: IST
elapsed time: 20.402486 seconds (0d 0h 0m 20s)

