#
# There is insufficient memory for the Java Runtime Environment to continue.
# Native memory allocation (mmap) failed to map 26214400 bytes for committing reserved memory.
# Possible reasons:
#   The system is out of physical RAM or swap space
#   The process is running with CompressedOops enabled, and the Java Heap may be blocking the growth of the native heap
# Possible solutions:
#   Reduce memory load on the system
#   Increase physical memory or swap space
#   Check if swap backing store is full
#   Decrease Java heap size (-Xmx/-Xms)
#   Decrease number of Java threads
#   Decrease Java thread stack sizes (-Xss)
#   Set larger code cache with -XX:ReservedCodeCacheSize=
#   JVM is running with Unscaled Compressed Oops mode in which the Java heap is
#     placed in the first 4GB address space. The Java Heap base address is the
#     maximum limit for the native heap growth. Please use -XX:HeapBaseMinAddress
#     to set the Java Heap base and to place the Java Heap above 4GB virtual address.
# This output file may be truncated or incomplete.
#
#  Out of Memory Error (os_linux.cpp:2798), pid=6205, tid=0x00007fb464ddb700
#
# JRE version: OpenJDK Runtime Environment (8.0_312-b07) (build 1.8.0_312-8u312-b07-0ubuntu1~18.04-b07)
# Java VM: OpenJDK 64-Bit Server VM (25.312-b07 mixed mode linux-amd64 compressed oops)
# Failed to write core dump. Core dumps have been disabled. To enable core dumping, try "ulimit -c unlimited" before starting Java again
#

---------------  T H R E A D  ---------------

Current thread (0x00007fb478141000):  VMThread [stack: 0x00007fb464cdc000,0x00007fb464ddc000] [id=6211]

Stack: [0x00007fb464cdc000,0x00007fb464ddc000],  sp=0x00007fb464dda2f0,  free space=1016k
Native frames: (J=compiled Java code, j=interpreted, Vv=VM code, C=native code)
V  [libjvm.so+0xb6dd22]
V  [libjvm.so+0x4f22a7]
V  [libjvm.so+0x993a70]
V  [libjvm.so+0x98af1e]
V  [libjvm.so+0xa125b6]
V  [libjvm.so+0xa13928]
V  [libjvm.so+0xa0fc56]
V  [libjvm.so+0xa081e9]
V  [libjvm.so+0x46a943]
V  [libjvm.so+0xb6fbb1]
V  [libjvm.so+0xb76516]
V  [libjvm.so+0xb74259]
V  [libjvm.so+0xb7476b]
V  [libjvm.so+0xb74ba8]
V  [libjvm.so+0x990e62]

VM_Operation (0x00007fb47e7f0b30): CollectForMetadataAllocation, mode: safepoint, requested by thread 0x00007fb47800b800


---------------  P R O C E S S  ---------------

Java Threads: ( => current thread )
  0x00007fb424051800 JavaThread "process reaper" daemon [_thread_blocked, id=6224, stack(0x00007fb45f567000,0x00007fb45f5a0000)]
  0x00007fb4782c2000 JavaThread "surefire-forkedjvm-ping-30s" daemon [_thread_blocked, id=6221, stack(0x00007fb45f8c9000,0x00007fb45f9ca000)]
  0x00007fb4782a7800 JavaThread "surefire-forkedjvm-command-thread" daemon [_thread_in_native, id=6220, stack(0x00007fb464093000,0x00007fb464194000)]
  0x00007fb478192800 JavaThread "Service Thread" daemon [_thread_blocked, id=6218, stack(0x00007fb4642f6000,0x00007fb4643f7000)]
  0x00007fb478187000 JavaThread "C1 CompilerThread2" daemon [_thread_blocked, id=6217, stack(0x00007fb4643f8000,0x00007fb4644f8000)]
  0x00007fb478185800 JavaThread "C2 CompilerThread1" daemon [_thread_blocked, id=6216, stack(0x00007fb4644f9000,0x00007fb4645f9000)]
  0x00007fb478182800 JavaThread "C2 CompilerThread0" daemon [_thread_blocked, id=6215, stack(0x00007fb4645fa000,0x00007fb4646fa000)]
  0x00007fb47817d000 JavaThread "Signal Dispatcher" daemon [_thread_blocked, id=6214, stack(0x00007fb4646fa000,0x00007fb4647fb000)]
  0x00007fb47814f800 JavaThread "Finalizer" daemon [_thread_blocked, id=6213, stack(0x00007fb464ad9000,0x00007fb464bda000)]
  0x00007fb47814a800 JavaThread "Reference Handler" daemon [_thread_blocked, id=6212, stack(0x00007fb464bda000,0x00007fb464cdb000)]
  0x00007fb47800b800 JavaThread "main" [_thread_blocked, id=6206, stack(0x00007fb47e6f8000,0x00007fb47e7f8000)]

Other Threads:
=>0x00007fb478141000 VMThread [stack: 0x00007fb464cdc000,0x00007fb464ddc000] [id=6211]
  0x00007fb478195000 WatcherThread [stack: 0x00007fb4641f6000,0x00007fb4642f6000] [id=6219]

VM state:at safepoint (normal execution)

VM Mutex/Monitor currently owned by a thread:  ([mutex/lock_event])
[0x00007fb478008070] Threads_lock - owner thread: 0x00007fb478141000
[0x00007fb478008570] Heap_lock - owner thread: 0x00007fb47800b800

heap address: 0x00000000e3600000, size: 458 MB, Compressed Oops mode: 32-bit
Narrow klass base: 0x0000000000000000, Narrow klass shift: 3
Compressed class space size: 1073741824 Address: 0x0000000100000000

Heap:
 PSYoungGen      total 107520K, used 7137K [0x00000000f6780000, 0x00000000fdc00000, 0x0000000100000000)
  eden space 100352K, 0% used [0x00000000f6780000,0x00000000f6780000,0x00000000fc980000)
  from space 7168K, 99% used [0x00000000fd500000,0x00000000fdbf8640,0x00000000fdc00000)
  to   space 5632K, 0% used [0x00000000fc980000,0x00000000fc980000,0x00000000fcf00000)
 ParOldGen       total 20480K, used 11750K [0x00000000e3600000, 0x00000000e4a00000, 0x00000000f6780000)
  object space 20480K, 57% used [0x00000000e3600000,0x00000000e4179b48,0x00000000e4a00000)
 Metaspace       used 33089K, capacity 35460K, committed 35496K, reserved 1079296K
  class space    used 4482K, capacity 4898K, committed 4912K, reserved 1048576K

Card table byte_map: [0x00007fb47e611000,0x00007fb47e6f7000] byte_map_base: 0x00007fb47def6000

Marking Bits: (ParMarkBitMap*) 0x00007fb47d98b720
 Begin Bits: [0x00007fb4668c1000, 0x00007fb466fe9000)
 End Bits:   [0x00007fb466fe9000, 0x00007fb467711000)

Polling page: 0x00007fb47e80e000

CodeCache: size=245760Kb used=10591Kb max_used=10602Kb free=235168Kb
 bounds [0x00007fb467f6e000, 0x00007fb4689de000, 0x00007fb476f6e000]
 total_blobs=3324 nmethods=2936 adapters=301
 compilation: enabled

Compilation events (10 events):
Event: 60.960 Thread 0x00007fb478185800 3115       4       java.lang.Class::cast (27 bytes)
Event: 61.026 Thread 0x00007fb478185800 nmethod 3115 0x00007fb468377010 code [0x00007fb468377160, 0x00007fb468377258]
Event: 61.057 Thread 0x00007fb478187000 3116  s    3       java.io.ExpiringCache::get (39 bytes)
Event: 61.069 Thread 0x00007fb478187000 nmethod 3116 0x00007fb46835d290 code [0x00007fb46835d420, 0x00007fb46835d858]
Event: 61.083 Thread 0x00007fb478182800 3117       4       java.lang.ClassLoader::findLoadedClass (16 bytes)
Event: 61.091 Thread 0x00007fb478187000 3118   !   3       java.lang.ClassLoader::loadClass (122 bytes)
Event: 61.096 Thread 0x00007fb478187000 nmethod 3118 0x00007fb4689d4e50 code [0x00007fb4689d51c0, 0x00007fb4689d7458]
Event: 61.184 Thread 0x00007fb478185800 3119       4       java.util.AbstractList$Itr::hasNext (20 bytes)
Event: 61.206 Thread 0x00007fb478182800 nmethod 3117 0x00007fb46835cc10 code [0x00007fb46835cd80, 0x00007fb46835d008]
Event: 61.212 Thread 0x00007fb478185800 nmethod 3119 0x00007fb46835c890 code [0x00007fb46835c9e0, 0x00007fb46835cab8]

GC Heap History (10 events):
Event: 2.812 GC heap after
Heap after GC invocations=8 (full 0):
 PSYoungGen      total 67584K, used 4084K [0x00000000f6780000, 0x00000000fb080000, 0x0000000100000000)
  eden space 63488K, 0% used [0x00000000f6780000,0x00000000f6780000,0x00000000fa580000)
  from space 4096K, 99% used [0x00000000faa80000,0x00000000fae7d250,0x00000000fae80000)
  to   space 5120K, 0% used [0x00000000fa580000,0x00000000fa580000,0x00000000faa80000)
 ParOldGen       total 20480K, used 7178K [0x00000000e3600000, 0x00000000e4a00000, 0x00000000f6780000)
  object space 20480K, 35% used [0x00000000e3600000,0x00000000e3d02b18,0x00000000e4a00000)
 Metaspace       used 18738K, capacity 20150K, committed 20480K, reserved 1067008K
  class space    used 2430K, capacity 2733K, committed 2816K, reserved 1048576K
}
Event: 2.935 GC heap before
{Heap before GC invocations=9 (full 0):
 PSYoungGen      total 67584K, used 13085K [0x00000000f6780000, 0x00000000fb080000, 0x0000000100000000)
  eden space 63488K, 14% used [0x00000000f6780000,0x00000000f704a420,0x00000000fa580000)
  from space 4096K, 99% used [0x00000000faa80000,0x00000000fae7d250,0x00000000fae80000)
  to   space 5120K, 0% used [0x00000000fa580000,0x00000000fa580000,0x00000000faa80000)
 ParOldGen       total 20480K, used 7178K [0x00000000e3600000, 0x00000000e4a00000, 0x00000000f6780000)
  object space 20480K, 35% used [0x00000000e3600000,0x00000000e3d02b18,0x00000000e4a00000)
 Metaspace       used 19852K, capacity 21228K, committed 21296K, reserved 1067008K
  class space    used 2544K, capacity 2838K, committed 2864K, reserved 1048576K
Event: 2.941 GC heap after
Heap after GC invocations=9 (full 0):
 PSYoungGen      total 68608K, used 2987K [0x00000000f6780000, 0x00000000fd500000, 0x0000000100000000)
  eden space 63488K, 0% used [0x00000000f6780000,0x00000000f6780000,0x00000000fa580000)
  from space 5120K, 58% used [0x00000000fa580000,0x00000000fa86af60,0x00000000faa80000)
  to   space 5120K, 0% used [0x00000000fd000000,0x00000000fd000000,0x00000000fd500000)
 ParOldGen       total 20480K, used 7799K [0x00000000e3600000, 0x00000000e4a00000, 0x00000000f6780000)
  object space 20480K, 38% used [0x00000000e3600000,0x00000000e3d9dcd8,0x00000000e4a00000)
 Metaspace       used 19852K, capacity 21228K, committed 21296K, reserved 1067008K
  class space    used 2544K, capacity 2838K, committed 2864K, reserved 1048576K
}
Event: 2.941 GC heap before
{Heap before GC invocations=10 (full 1):
 PSYoungGen      total 68608K, used 2987K [0x00000000f6780000, 0x00000000fd500000, 0x0000000100000000)
  eden space 63488K, 0% used [0x00000000f6780000,0x00000000f6780000,0x00000000fa580000)
  from space 5120K, 58% used [0x00000000fa580000,0x00000000fa86af60,0x00000000faa80000)
  to   space 5120K, 0% used [0x00000000fd000000,0x00000000fd000000,0x00000000fd500000)
 ParOldGen       total 20480K, used 7799K [0x00000000e3600000, 0x00000000e4a00000, 0x00000000f6780000)
  object space 20480K, 38% used [0x00000000e3600000,0x00000000e3d9dcd8,0x00000000e4a00000)
 Metaspace       used 19852K, capacity 21228K, committed 21296K, reserved 1067008K
  class space    used 2544K, capacity 2838K, committed 2864K, reserved 1048576K
Event: 3.004 GC heap after
Heap after GC invocations=10 (full 1):
 PSYoungGen      total 68608K, used 0K [0x00000000f6780000, 0x00000000fd500000, 0x0000000100000000)
  eden space 63488K, 0% used [0x00000000f6780000,0x00000000f6780000,0x00000000fa580000)
  from space 5120K, 0% used [0x00000000fa580000,0x00000000fa580000,0x00000000faa80000)
  to   space 5120K, 0% used [0x00000000fd000000,0x00000000fd000000,0x00000000fd500000)
 ParOldGen       total 20480K, used 5619K [0x00000000e3600000, 0x00000000e4a00000, 0x00000000f6780000)
  object space 20480K, 27% used [0x00000000e3600000,0x00000000e3b7cfb8,0x00000000e4a00000)
 Metaspace       used 19847K, capacity 21220K, committed 21296K, reserved 1067008K
  class space    used 2542K, capacity 2834K, committed 2864K, reserved 1048576K
}
Event: 3.285 GC heap before
{Heap before GC invocations=11 (full 1):
 PSYoungGen      total 68608K, used 63464K [0x00000000f6780000, 0x00000000fd500000, 0x0000000100000000)
  eden space 63488K, 99% used [0x00000000f6780000,0x00000000fa57a1c8,0x00000000fa580000)
  from space 5120K, 0% used [0x00000000fa580000,0x00000000fa580000,0x00000000faa80000)
  to   space 5120K, 0% used [0x00000000fd000000,0x00000000fd000000,0x00000000fd500000)
 ParOldGen       total 20480K, used 5619K [0x00000000e3600000, 0x00000000e4a00000, 0x00000000f6780000)
  object space 20480K, 27% used [0x00000000e3600000,0x00000000e3b7cfb8,0x00000000e4a00000)
 Metaspace       used 22672K, capacity 24266K, committed 24368K, reserved 1071104K
  class space    used 2979K, capacity 3305K, committed 3376K, reserved 1048576K
Event: 3.290 GC heap after
Heap after GC invocations=11 (full 1):
 PSYoungGen      total 87040K, used 4235K [0x00000000f6780000, 0x00000000fd480000, 0x0000000100000000)
  eden space 82432K, 0% used [0x00000000f6780000,0x00000000f6780000,0x00000000fb800000)
  from space 4608K, 91% used [0x00000000fd000000,0x00000000fd422fb0,0x00000000fd480000)
  to   space 5632K, 0% used [0x00000000fc980000,0x00000000fc980000,0x00000000fcf00000)
 ParOldGen       total 20480K, used 5627K [0x00000000e3600000, 0x00000000e4a00000, 0x00000000f6780000)
  object space 20480K, 27% used [0x00000000e3600000,0x00000000e3b7efb8,0x00000000e4a00000)
 Metaspace       used 22672K, capacity 24266K, committed 24368K, reserved 1071104K
  class space    used 2979K, capacity 3305K, committed 3376K, reserved 1048576K
}
Event: 4.920 GC heap before
{Heap before GC invocations=12 (full 1):
 PSYoungGen      total 87040K, used 86667K [0x00000000f6780000, 0x00000000fd480000, 0x0000000100000000)
  eden space 82432K, 100% used [0x00000000f6780000,0x00000000fb800000,0x00000000fb800000)
  from space 4608K, 91% used [0x00000000fd000000,0x00000000fd422fb0,0x00000000fd480000)
  to   space 5632K, 0% used [0x00000000fc980000,0x00000000fc980000,0x00000000fcf00000)
 ParOldGen       total 20480K, used 5627K [0x00000000e3600000, 0x00000000e4a00000, 0x00000000f6780000)
  object space 20480K, 27% used [0x00000000e3600000,0x00000000e3b7efb8,0x00000000e4a00000)
 Metaspace       used 26682K, capacity 28758K, committed 29104K, reserved 1075200K
  class space    used 3519K, capacity 3911K, committed 4016K, reserved 1048576K
Event: 4.936 GC heap after
Heap after GC invocations=12 (full 1):
 PSYoungGen      total 105984K, used 5630K [0x00000000f6780000, 0x00000000fdc00000, 0x0000000100000000)
  eden space 100352K, 0% used [0x00000000f6780000,0x00000000f6780000,0x00000000fc980000)
  from space 5632K, 99% used [0x00000000fc980000,0x00000000fceffb00,0x00000000fcf00000)
  to   space 7168K, 0% used [0x00000000fd500000,0x00000000fd500000,0x00000000fdc00000)
 ParOldGen       total 20480K, used 7796K [0x00000000e3600000, 0x00000000e4a00000, 0x00000000f6780000)
  object space 20480K, 38% used [0x00000000e3600000,0x00000000e3d9d380,0x00000000e4a00000)
 Metaspace       used 26682K, capacity 28758K, committed 29104K, reserved 1075200K
  class space    used 3519K, capacity 3911K, committed 4016K, reserved 1048576K
}
Event: 63.055 GC heap before
{Heap before GC invocations=13 (full 1):
 PSYoungGen      total 105984K, used 97643K [0x00000000f6780000, 0x00000000fdc00000, 0x0000000100000000)
  eden space 100352K, 91% used [0x00000000f6780000,0x00000000fc15b130,0x00000000fc980000)
  from space 5632K, 99% used [0x00000000fc980000,0x00000000fceffb00,0x00000000fcf00000)
  to   space 7168K, 0% used [0x00000000fd500000,0x00000000fd500000,0x00000000fdc00000)
 ParOldGen       total 20480K, used 7796K [0x00000000e3600000, 0x00000000e4a00000, 0x00000000f6780000)
  object space 20480K, 38% used [0x00000000e3600000,0x00000000e3d9d380,0x00000000e4a00000)
 Metaspace       used 33089K, capacity 35460K, committed 35496K, reserved 1079296K
  class space    used 4482K, capacity 4898K, committed 4912K, reserved 1048576K

Deoptimization events (10 events):
Event: 56.700 Thread 0x00007fb47800b800 Uncommon trap: reason=bimorphic action=maybe_recompile pc=0x00007fb4685fb3e8 method=java.util.concurrent.ConcurrentHashMap.putVal(Ljava/lang/Object;Ljava/lang/Object;Z)Ljava/lang/Object; @ 192
Event: 57.064 Thread 0x00007fb47800b800 Uncommon trap: reason=unstable_if action=reinterpret pc=0x00007fb468181b28 method=java.util.zip.ZipCoder.getBytes(Ljava/lang/String;)[B @ 32
Event: 57.069 Thread 0x00007fb47800b800 Uncommon trap: reason=unstable_if action=reinterpret pc=0x00007fb46818c028 method=java.util.zip.ZipCoder.getBytes(Ljava/lang/String;)[B @ 32
Event: 57.069 Thread 0x00007fb47800b800 Uncommon trap: reason=unstable_if action=reinterpret pc=0x00007fb46817de9c method=java.util.zip.ZipCoder.getBytes(Ljava/lang/String;)[B @ 32
Event: 57.069 Thread 0x00007fb47800b800 Uncommon trap: reason=unstable_if action=reinterpret pc=0x00007fb4681898a8 method=java.util.zip.ZipCoder.getBytes(Ljava/lang/String;)[B @ 32
Event: 57.070 Thread 0x00007fb47800b800 Uncommon trap: reason=unstable_if action=reinterpret pc=0x00007fb468588130 method=java.net.URL.<init>(Ljava/net/URL;Ljava/lang/String;Ljava/net/URLStreamHandler;)V @ 57
Event: 57.071 Thread 0x00007fb47800b800 Uncommon trap: reason=unstable_if action=reinterpret pc=0x00007fb4684e0bf0 method=java.net.URLStreamHandler.parseURL(Ljava/net/URL;Ljava/lang/String;II)V @ 57
Event: 57.072 Thread 0x00007fb47800b800 Uncommon trap: reason=unstable_if action=reinterpret pc=0x00007fb4685a7470 method=java.io.UnixFileSystem.resolve(Ljava/lang/String;Ljava/lang/String;)Ljava/lang/String; @ 6
Event: 57.160 Thread 0x00007fb47800b800 Uncommon trap: reason=unstable_if action=reinterpret pc=0x00007fb4682e37f8 method=sun.net.www.ParseUtil.encodePath(Ljava/lang/String;Z)Ljava/lang/String; @ 109
Event: 61.015 Thread 0x00007fb47800b800 Uncommon trap: reason=unstable_if action=reinterpret pc=0x00007fb468528288 method=java.lang.ClassLoader.getClassLoadingLock(Ljava/lang/String;)Ljava/lang/Object; @ 6

Classes redefined (0 events):
No events

Internal exceptions (10 events):
Event: 56.967 Thread 0x00007fb47800b800 Exception <a 'java/lang/ClassNotFoundException': org/springframework/beans/factory/BeanClassLoaderAwareCustomizer> (0x00000000fa0dcd38) thrown at [/build/openjdk-8-Wt4QLx/openjdk-8-8u312-b07/src/hotspot/src/share/vm/classfile/systemDictionary.cpp, line 21
Event: 56.967 Thread 0x00007fb47800b800 Exception <a 'java/lang/ClassNotFoundException': org/springframework/beans/factory/AwareCustomizer> (0x00000000fa0f9258) thrown at [/build/openjdk-8-Wt4QLx/openjdk-8-8u312-b07/src/hotspot/src/share/vm/classfile/systemDictionary.cpp, line 217]
Event: 56.967 Thread 0x00007fb47800b800 Exception <a 'java/lang/ClassNotFoundException': org/springframework/beans/factory/BeanFactoryAwareCustomizer> (0x00000000fa118538) thrown at [/build/openjdk-8-Wt4QLx/openjdk-8-8u312-b07/src/hotspot/src/share/vm/classfile/systemDictionary.cpp, line 217]
Event: 56.968 Thread 0x00007fb47800b800 Exception <a 'java/lang/ClassNotFoundException': org/springframework/beans/factory/AwareCustomizer> (0x00000000fa134fb8) thrown at [/build/openjdk-8-Wt4QLx/openjdk-8-8u312-b07/src/hotspot/src/share/vm/classfile/systemDictionary.cpp, line 217]
Event: 56.968 Thread 0x00007fb47800b800 Exception <a 'java/lang/ClassNotFoundException': org/springframework/beans/factory/BeanNameAwareCustomizer> (0x00000000fa152e80) thrown at [/build/openjdk-8-Wt4QLx/openjdk-8-8u312-b07/src/hotspot/src/share/vm/classfile/systemDictionary.cpp, line 217]
Event: 56.971 Thread 0x00007fb47800b800 Exception <a 'java/lang/ClassNotFoundException': org/springframework/beans/factory/AwareCustomizer> (0x00000000fa16f3f8) thrown at [/build/openjdk-8-Wt4QLx/openjdk-8-8u312-b07/src/hotspot/src/share/vm/classfile/systemDictionary.cpp, line 217]
Event: 56.971 Thread 0x00007fb47800b800 Exception <a 'java/lang/ClassNotFoundException': org/springframework/beans/factory/InitializingBeanCustomizer> (0x00000000fa18e6d8) thrown at [/build/openjdk-8-Wt4QLx/openjdk-8-8u312-b07/src/hotspot/src/share/vm/classfile/systemDictionary.cpp, line 217]
Event: 56.976 Thread 0x00007fb47800b800 Exception <a 'java/lang/ClassNotFoundException': org/springframework/beans/factory/DisposableBeanCustomizer> (0x00000000fa1ace58) thrown at [/build/openjdk-8-Wt4QLx/openjdk-8-8u312-b07/src/hotspot/src/share/vm/classfile/systemDictionary.cpp, line 217]
Event: 56.977 Thread 0x00007fb47800b800 Exception <a 'java/lang/ClassNotFoundException': org/springframework/orm/jpa/EntityManagerFactoryInfoCustomizer> (0x00000000fa1cd4c0) thrown at [/build/openjdk-8-Wt4QLx/openjdk-8-8u312-b07/src/hotspot/src/share/vm/classfile/systemDictionary.cpp, line 217]
Event: 56.979 Thread 0x00007fb47800b800 Exception <a 'java/lang/ClassNotFoundException': org/springframework/dao/support/PersistenceExceptionTranslatorCustomizer> (0x00000000fa1fd648) thrown at [/build/openjdk-8-Wt4QLx/openjdk-8-8u312-b07/src/hotspot/src/share/vm/classfile/systemDictionary.cpp,

Events (10 events):
Event: 62.600 loading class java/lang/InheritableThreadLocal
Event: 62.675 loading class java/lang/InheritableThreadLocal done
Event: 62.690 Executing VM operation: Deoptimize
Event: 62.705 Executing VM operation: Deoptimize done
Event: 62.803 loading class sun/security/jca/ProviderList
Event: 62.838 loading class sun/security/jca/ProviderList done
Event: 62.919 loading class sun/security/jca/ProviderConfig
Event: 62.978 loading class sun/security/jca/ProviderConfig done
Event: 62.990 loading class java/security/Provider
Event: 63.029 Executing VM operation: CollectForMetadataAllocation


Dynamic libraries:
e3600000-e4a00000 rw-p 00000000 00:00 0 
e4a00000-f6780000 ---p 00000000 00:00 0 
f6780000-fdc00000 rw-p 00000000 00:00 0 
ff500000-100000000 ---p 00000000 00:00 0 
100000000-1004cc000 rw-p 00000000 00:00 0 
1004cc000-140000000 ---p 00000000 00:00 0 
5591672c6000-5591672c7000 r-xp 00000000 08:05 1439859                    /usr/lib/jvm/java-8-openjdk-amd64/jre/bin/java
5591674c6000-5591674c7000 r--p 00000000 08:05 1439859                    /usr/lib/jvm/java-8-openjdk-amd64/jre/bin/java
5591674c7000-5591674c8000 rw-p 00001000 08:05 1439859                    /usr/lib/jvm/java-8-openjdk-amd64/jre/bin/java
559168522000-559168543000 rw-p 00000000 00:00 0                          [heap]
7fb418000000-7fb418021000 rw-p 00000000 00:00 0 
7fb418021000-7fb41c000000 ---p 00000000 00:00 0 
7fb41c000000-7fb41c1ea000 rw-p 00000000 00:00 0 
7fb41c1ea000-7fb420000000 ---p 00000000 00:00 0 
7fb420000000-7fb420021000 rw-p 00000000 00:00 0 
7fb420021000-7fb424000000 ---p 00000000 00:00 0 
7fb424000000-7fb424074000 rw-p 00000000 00:00 0 
7fb424074000-7fb428000000 ---p 00000000 00:00 0 
7fb428000000-7fb428021000 rw-p 00000000 00:00 0 
7fb428021000-7fb42c000000 ---p 00000000 00:00 0 
7fb42c000000-7fb42c021000 rw-p 00000000 00:00 0 
7fb42c021000-7fb430000000 ---p 00000000 00:00 0 
7fb430000000-7fb4322cf000 rw-p 00000000 00:00 0 
7fb4322cf000-7fb434000000 ---p 00000000 00:00 0 
7fb434000000-7fb4344df000 rw-p 00000000 00:00 0 
7fb4344df000-7fb438000000 ---p 00000000 00:00 0 
7fb438000000-7fb438021000 rw-p 00000000 00:00 0 
7fb438021000-7fb43c000000 ---p 00000000 00:00 0 
7fb43c000000-7fb43d929000 rw-p 00000000 00:00 0 
7fb43d929000-7fb440000000 ---p 00000000 00:00 0 
7fb440000000-7fb440021000 rw-p 00000000 00:00 0 
7fb440021000-7fb444000000 ---p 00000000 00:00 0 
7fb444000000-7fb444021000 rw-p 00000000 00:00 0 
7fb444021000-7fb448000000 ---p 00000000 00:00 0 
7fb448000000-7fb448021000 rw-p 00000000 00:00 0 
7fb448021000-7fb44c000000 ---p 00000000 00:00 0 
7fb44c000000-7fb44c022000 rw-p 00000000 00:00 0 
7fb44c022000-7fb450000000 ---p 00000000 00:00 0 
7fb450000000-7fb450023000 rw-p 00000000 00:00 0 
7fb450023000-7fb454000000 ---p 00000000 00:00 0 
7fb458000000-7fb458021000 rw-p 00000000 00:00 0 
7fb458021000-7fb45c000000 ---p 00000000 00:00 0 
7fb45dd8c000-7fb45df6a000 rw-p 00000000 00:00 0 
7fb45df6a000-7fb45df8c000 ---p 00000000 00:00 0 
7fb45df8c000-7fb45e18c000 rw-p 00000000 00:00 0 
7fb45e18c000-7fb45e38c000 rw-p 00000000 00:00 0 
7fb45e38c000-7fb45e58c000 rw-p 00000000 00:00 0 
7fb45e58c000-7fb45e78c000 rw-p 00000000 00:00 0 
7fb45e78c000-7fb45e98c000 rw-p 00000000 00:00 0 
7fb45ea54000-7fb45ea66000 r--s 0034c000 08:05 1460174                    /usr/lib/jvm/java-8-openjdk-amd64/jre/lib/resources.jar
7fb45ea66000-7fb45ec66000 rw-p 00000000 00:00 0 
7fb45ec66000-7fb45ec69000 ---p 00000000 00:00 0 
7fb45ec69000-7fb45ef67000 rw-p 00000000 00:00 0 
7fb45ef67000-7fb45f167000 rw-p 00000000 00:00 0 
7fb45f167000-7fb45f367000 rw-p 00000000 00:00 0 
7fb45f367000-7fb45f567000 rw-p 00000000 00:00 0 
7fb45f567000-7fb45f56a000 ---p 00000000 00:00 0 
7fb45f56a000-7fb45f5a0000 rw-p 00000000 00:00 0 
7fb45f5a0000-7fb45f5a3000 r--s 00015000 08:05 1047279                    /home/admin/.m2/repository/org/junit/platform/junit-platform-launcher/1.3.1/junit-platform-launcher-1.3.1.jar
7fb45f5a3000-7fb45f5a6000 r--s 0000e000 08:05 1047277                    /home/admin/.m2/repository/org/apache/maven/surefire/surefire-junit-platform/2.22.2/surefire-junit-platform-2.22.2.jar
7fb45f5a6000-7fb45f5ab000 r--s 00025000 08:05 930660                     /home/admin/.m2/repository/org/xmlunit/xmlunit-core/2.8.4/xmlunit-core-2.8.4.jar
7fb45f5ab000-7fb45f5bc000 r--s 000b0000 08:05 930658                     /home/admin/.m2/repository/org/springframework/spring-test/5.3.14/spring-test-5.3.14.jar
7fb45f5bc000-7fb45f5bd000 r--s 00005000 08:05 660545                     /home/admin/.m2/repository/org/springframework/spring-jcl/5.3.14/spring-jcl-5.3.14.jar
7fb45f5bd000-7fb45f5d9000 r--s 0014e000 08:05 660543                     /home/admin/.m2/repository/org/springframework/spring-core/5.3.14/spring-core-5.3.14.jar
7fb45f5d9000-7fb45f5da000 r--s 00004000 08:05 930656                     /home/admin/.m2/repository/com/vaadin/external/google/android-json/0.0.20131108.vaadin1/android-json-0.0.20131108.vaadin1.jar
7fb45f5da000-7fb45f5dc000 r--s 00006000 08:05 930654                     /home/admin/.m2/repository/org/skyscreamer/jsonassert/1.5.0/jsonassert-1.5.0.jar
7fb45f5dc000-7fb45f5dd000 r--s 00001000 08:05 930652                     /home/admin/.m2/repository/org/mockito/mockito-junit-jupiter/3.9.0/mockito-junit-jupiter-3.9.0.jar
7fb45f5dd000-7fb45f5e0000 r--s 0000a000 08:05 930650                     /home/admin/.m2/repository/org/objenesis/objenesis/3.2/objenesis-3.2.jar
7fb45f5e0000-7fb45f5e3000 r--s 0003b000 08:05 802070                     /home/admin/.m2/repository/net/bytebuddy/byte-buddy-agent/1.10.22/byte-buddy-agent-1.10.22.jar
7fb45f5e3000-7fb45f5f4000 r--s 00092000 08:05 930648                     /home/admin/.m2/repository/org/mockito/mockito-core/3.9.0/mockito-core-3.9.0.jar
7fb45f5f4000-7fb45f5f9000 r--s 00028000 08:05 930646                     /home/admin/.m2/repository/org/junit/platform/junit-platform-engine/1.7.2/junit-platform-engine-1.7.2.jar
7fb45f5f9000-7fb45f5fd000 r--s 00030000 08:05 930644                     /home/admin/.m2/repository/org/junit/jupiter/junit-jupiter-engine/5.7.2/junit-jupiter-engine-5.7.2.jar
7fb45f5fd000-7fb45f60a000 r--s 0007e000 08:05 930642                     /home/admin/.m2/repository/org/junit/jupiter/junit-jupiter-params/5.7.2/junit-jupiter-params-5.7.2.jar
7fb45f60a000-7fb45f60d000 r--s 00016000 08:05 930640                     /home/admin/.m2/repository/org/junit/platform/junit-platform-commons/1.7.2/junit-platform-commons-1.7.2.jar
7fb45f60d000-7fb45f60e000 r--s 00001000 08:05 802068                     /home/admin/.m2/repository/org/opentest4j/opentest4j/1.2.0/opentest4j-1.2.0.jar
7fb45f60e000-7fb45f60f000 r--s 00000000 08:05 802066                     /home/admin/.m2/repository/org/apiguardian/apiguardian-api/1.1.0/apiguardian-api-1.1.0.jar
7fb45f60f000-7fb45f614000 r--s 00026000 08:05 802064                     /home/admin/.m2/repository/org/junit/jupiter/junit-jupiter-api/5.7.2/junit-jupiter-api-5.7.2.jar
7fb45f614000-7fb45f615000 r--s 00001000 08:05 802062                     /home/admin/.m2/repository/org/junit/jupiter/junit-jupiter/5.7.2/junit-jupiter-5.7.2.jar
7fb45f615000-7fb45f619000 r--s 0001b000 08:05 802060                     /home/admin/.m2/repository/org/hamcrest/hamcrest/2.2/hamcrest-2.2.jar
7fb45f619000-7fb45f683000 r--s 0042d000 08:05 802058                     /home/admin/.m2/repository/org/assertj/assertj-core/3.19.0/assertj-core-3.19.0.jar
7fb45f683000-7fb45f685000 r--s 0000a000 08:05 802056                     /home/admin/.m2/repository/jakarta/activation/jakarta.activation-api/1.2.2/jakarta.activation-api-1.2.2.jar
7fb45f685000-7fb45f689000 r--s 00019000 08:05 660541                     /home/admin/.m2/repository/jakarta/xml/bind/jakarta.xml.bind-api/2.3.3/jakarta.xml.bind-api-2.3.3.jar
7fb45f689000-7fb45f68b000 r--s 0001c000 08:05 802054                     /home/admin/.m2/repository/org/ow2/asm/asm/9.1/asm-9.1.jar
7fb45f68b000-7fb45f68d000 r--s 00006000 08:05 802052                     /home/admin/.m2/repository/net/minidev/accessors-smart/2.4.7/accessors-smart-2.4.7.jar
7fb45f68d000-7fb45f691000 r--s 0001a000 08:05 802050                     /home/admin/.m2/repository/net/minidev/json-smart/2.4.7/json-smart-2.4.7.jar
7fb45f691000-7fb45f697000 r--s 00033000 08:05 802048                     /home/admin/.m2/repository/com/jayway/jsonpath/json-path/2.5.0/json-path-2.5.0.jar
7fb45f697000-7fb45f69e000 r--s 00026000 08:05 802046                     /home/admin/.m2/repository/org/springframework/boot/spring-boot-test-autoconfigure/2.5.8/spring-boot-test-autoconfigure-2.5.8.jar
7fb45f69e000-7fb45f6a3000 r--s 00031000 08:05 802044                     /home/admin/.m2/repository/org/springframework/boot/spring-boot-test/2.5.8/spring-boot-test-2.5.8.jar
7fb45f6a3000-7fb45f6a4000 r--s 00001000 08:05 802042                     /home/admin/.m2/repository/org/springframework/boot/spring-boot-starter-test/2.5.8/spring-boot-starter-test-2.5.8.jar
7fb45f6a4000-7fb45f6b9000 r--s 0021e000 08:05 1046766                    /home/admin/.m2/repository/com/h2database/h2/1.4.200/h2-1.4.200.jar
7fb45f6b9000-7fb45f6be000 r--s 00042000 08:05 660539                     /home/admin/.m2/repository/org/springframework/spring-expression/5.3.14/spring-expression-5.3.14.jar
7fb45f6be000-7fb45f6d1000 r--s 000e9000 08:05 802036                     /home/admin/.m2/repository/org/springframework/spring-webmvc/5.3.14/spring-webmvc-5.3.14.jar
7fb45f6d1000-7fb45f6f0000 r--s 00171000 08:05 660537                     /home/admin/.m2/repository/org/springframework/spring-web/5.3.14/spring-web-5.3.14.jar
7fb45f6f0000-7fb45f6f6000 r--s 0003e000 08:05 802034                     /home/admin/.m2/repository/org/apache/tomcat/embed/tomcat-embed-websocket/9.0.56/tomcat-embed-websocket-9.0.56.jar
7fb45f6f6000-7fb45f6fa000 r--s 0003b000 08:05 802032                     /home/admin/.m2/repository/org/apache/tomcat/embed/tomcat-embed-el/9.0.56/tomcat-embed-el-9.0.56.jar
7fb45f6fa000-7fb45f723000 r--s 0031e000 08:05 802030                     /home/admin/.m2/repository/org/apache/tomcat/embed/tomcat-embed-core/9.0.56/tomcat-embed-core-9.0.56.jar
7fb45f723000-7fb45f724000 r--s 00001000 08:05 802028                     /home/admin/.m2/repository/org/springframework/boot/spring-boot-starter-tomcat/2.5.8/spring-boot-starter-tomcat-2.5.8.jar
7fb45f724000-7fb45f726000 r--s 00001000 08:05 802026                     /home/admin/.m2/repository/com/fasterxml/jackson/module/jackson-module-parameter-names/2.12.6/jackson-module-parameter-names-2.12.6.jar
7fb45f726000-7fb45f729000 r--s 0001b000 08:05 802024                     /home/admin/.m2/repository/com/fasterxml/jackson/datatype/jackson-datatype-jsr310/2.12.6/jackson-datatype-jsr310-2.12.6.jar
7fb45f729000-7fb45f72b000 r--s 00007000 08:05 802022                     /home/admin/.m2/repository/com/fasterxml/jackson/datatype/jackson-datatype-jdk8/2.12.6/jackson-datatype-jdk8-2.12.6.jar
7fb45f72b000-7fb45f730000 r--s 00055000 08:05 802020                     /home/admin/.m2/repository/com/fasterxml/jackson/core/jackson-core/2.12.6/jackson-core-2.12.6.jar
7fb45f730000-7fb45f733000 r--s 00010000 08:05 802018                     /home/admin/.m2/repository/com/fasterxml/jackson/core/jackson-annotations/2.12.6/jackson-annotations-2.12.6.jar
7fb45f733000-7fb45f74a000 r--s 0015c000 08:05 660535                     /home/admin/.m2/repository/com/fasterxml/jackson/core/jackson-databind/2.12.6/jackson-databind-2.12.6.jar
7fb45f74a000-7fb45f74b000 r--s 00001000 08:05 660533                     /home/admin/.m2/repository/org/springframework/boot/spring-boot-starter-json/2.5.8/spring-boot-starter-json-2.5.8.jar
7fb45f74b000-7fb45f752000 r--s 00049000 08:05 660531                     /home/admin/.m2/repository/org/yaml/snakeyaml/1.28/snakeyaml-1.28.jar
7fb45f752000-7fb45f754000 r--s 00005000 08:05 660529                     /home/admin/.m2/repository/jakarta/annotation/jakarta.annotation-api/1.3.5/jakarta.annotation-api-1.3.5.jar
7fb45f754000-7fb45f756000 r--s 00000000 08:05 660527                     /home/admin/.m2/repository/org/slf4j/jul-to-slf4j/1.7.32/jul-to-slf4j-1.7.32.jar
7fb45f756000-7fb45f75c000 r--s 00044000 08:05 660525                     /home/admin/.m2/repository/org/apache/logging/log4j/log4j-api/2.17.0/log4j-api-2.17.0.jar
7fb45f75c000-7fb45f75e000 r--s 00003000 08:05 660523                     /home/admin/.m2/repository/org/apache/logging/log4j/log4j-to-slf4j/2.17.0/log4j-to-slf4j-2.17.0.jar
7fb45f75e000-7fb45f768000 r--s 00065000 08:05 660521                     /home/admin/.m2/repository/ch/qos/logback/logback-core/1.2.9/logback-core-1.2.9.jar
7fb45f768000-7fb45f76e000 r--s 00034000 08:05 660519                     /home/admin/.m2/repository/ch/qos/logback/logback-classic/1.2.9/logback-classic-1.2.9.jar
7fb45f76e000-7fb45f76f000 r--s 00001000 08:05 660517                     /home/admin/.m2/repository/org/springframework/boot/spring-boot-starter-logging/2.5.8/spring-boot-starter-logging-2.5.8.jar
7fb45f76f000-7fb45f79b000 r--s 00153000 08:05 660515                     /home/admin/.m2/repository/org/springframework/boot/spring-boot-autoconfigure/2.5.8/spring-boot-autoconfigure-2.5.8.jar
7fb45f79b000-7fb45f7b9000 r--s 00137000 08:05 660513                     /home/admin/.m2/repository/org/springframework/boot/spring-boot/2.5.8/spring-boot-2.5.8.jar
7fb45f7b9000-7fb45f7ba000 r--s 00001000 08:05 660511                     /home/admin/.m2/repository/org/springframework/boot/spring-boot-starter/2.5.8/spring-boot-starter-2.5.8.jar
7fb45f7ba000-7fb45f7bb000 r--s 00001000 08:05 660509                     /home/admin/.m2/repository/org/springframework/boot/spring-boot-starter-web/2.5.8/spring-boot-starter-web-2.5.8.jar
7fb45f7bb000-7fb45f7bd000 r--s 0000a000 08:05 660507                     /home/admin/.m2/repository/org/springframework/spring-aspects/5.3.14/spring-aspects-5.3.14.jar
7fb45f7bd000-7fb45f7bf000 r--s 00009000 08:05 660505                     /home/admin/.m2/repository/org/slf4j/slf4j-api/1.7.32/slf4j-api-1.7.32.jar
7fb45f7bf000-7fb45f7cc000 r--s 0009e000 08:05 660503                     /home/admin/.m2/repository/org/springframework/spring-beans/5.3.14/spring-beans-5.3.14.jar
7fb45f7cc000-7fb45f7d5000 r--s 00049000 08:05 660501                     /home/admin/.m2/repository/org/springframework/spring-tx/5.3.14/spring-tx-5.3.14.jar
7fb45f7d5000-7fb45f7f1000 r--s 0011b000 08:05 660499                     /home/admin/.m2/repository/org/springframework/spring-context/5.3.14/spring-context-5.3.14.jar
7fb45f7f1000-7fb45f7f5000 r--s 0002e000 08:05 660497                     /home/admin/.m2/repository/org/springframework/spring-orm/5.3.14/spring-orm-5.3.14.jar
7fb45f7f5000-7fb45f80f000 r--s 0011a000 08:05 660495                     /home/admin/.m2/repository/org/springframework/data/spring-data-commons/2.5.7/spring-data-commons-2.5.7.jar
7fb45f80f000-7fb45f818000 r--s 00054000 08:05 660493                     /home/admin/.m2/repository/org/springframework/data/spring-data-jpa/2.5.7/spring-data-jpa-2.5.7.jar
7fb45f818000-7fb45f81a000 r--s 0000f000 08:05 660491                     /home/admin/.m2/repository/com/sun/activation/jakarta.activation/1.2.2/jakarta.activation-1.2.2.jar
7fb45f81a000-7fb45f81c000 r--s 00006000 08:05 660489                     /home/admin/.m2/repository/com/sun/istack/istack-commons-runtime/3.0.12/istack-commons-runtime-3.0.12.jar
7fb45f81c000-7fb45f81e000 r--s 00010000 08:05 660487                     /home/admin/.m2/repository/org/glassfish/jaxb/txw2/2.3.5/txw2-2.3.5.jar
7fb45f81e000-7fb45f833000 r--s 000e4000 08:05 660485                     /home/admin/.m2/repository/org/glassfish/jaxb/jaxb-runtime/2.3.5/jaxb-runtime-2.3.5.jar
7fb45f833000-7fb45f836000 r--s 00011000 08:05 660483                     /home/admin/.m2/repository/org/hibernate/common/hibernate-commons-annotations/5.1.2.Final/hibernate-commons-annotations-5.1.2.Final.jar
7fb45f836000-7fb45f83b000 r--s 0004b000 08:05 660481                     /home/admin/.m2/repository/org/dom4j/dom4j/2.1.3/dom4j-2.1.3.jar
7fb45f83b000-7fb45f83e000 r--s 0002f000 08:05 660477                     /home/admin/.m2/repository/org/jboss/jandex/2.2.3.Final/jandex-2.2.3.Final.jar
7fb45f83e000-7fb45f843000 r--s 00068000 08:05 660475                     /home/admin/.m2/repository/antlr/antlr/2.7.7/antlr-2.7.7.jar
7fb45f843000-7fb45f8c9000 r--s 0067e000 08:05 660467                     /home/admin/.m2/repository/org/hibernate/hibernate-core/5.4.33/hibernate-core-5.4.33.jar
7fb45f8c9000-7fb45f8cc000 ---p 00000000 00:00 0 
7fb45f8cc000-7fb45f9ca000 rw-p 00000000 00:00 0 
7fb45f9ca000-7fb45f9d3000 r-xp 00000000 08:05 1447621                    /usr/lib/jvm/java-8-openjdk-amd64/jre/lib/amd64/libmanagement.so
7fb45f9d3000-7fb45fbd2000 ---p 00009000 08:05 1447621                    /usr/lib/jvm/java-8-openjdk-amd64/jre/lib/amd64/libmanagement.so
7fb45fbd2000-7fb45fbd3000 r--p 00008000 08:05 1447621                    /usr/lib/jvm/java-8-openjdk-amd64/jre/lib/amd64/libmanagement.so
7fb45fbd3000-7fb45fbd4000 rw-p 00009000 08:05 1447621                    /usr/lib/jvm/java-8-openjdk-amd64/jre/lib/amd64/libmanagement.so
7fb45fbd4000-7fb45fbec000 r-xp 00000000 08:05 1447623                    /usr/lib/jvm/java-8-openjdk-amd64/jre/lib/amd64/libnet.so
7fb45fbec000-7fb45fdeb000 ---p 00018000 08:05 1447623                    /usr/lib/jvm/java-8-openjdk-amd64/jre/lib/amd64/libnet.so
7fb45fdeb000-7fb45fdec000 r--p 00017000 08:05 1447623                    /usr/lib/jvm/java-8-openjdk-amd64/jre/lib/amd64/libnet.so
7fb45fdec000-7fb45fded000 rw-p 00018000 08:05 1447623                    /usr/lib/jvm/java-8-openjdk-amd64/jre/lib/amd64/libnet.so
7fb45fded000-7fb45fdff000 r-xp 00000000 08:05 1447624                    /usr/lib/jvm/java-8-openjdk-amd64/jre/lib/amd64/libnio.so
7fb45fdff000-7fb45fffe000 ---p 00012000 08:05 1447624                    /usr/lib/jvm/java-8-openjdk-amd64/jre/lib/amd64/libnio.so
7fb45fffe000-7fb45ffff000 r--p 00011000 08:05 1447624                    /usr/lib/jvm/java-8-openjdk-amd64/jre/lib/amd64/libnio.so
7fb45ffff000-7fb460000000 rw-p 00012000 08:05 1447624                    /usr/lib/jvm/java-8-openjdk-amd64/jre/lib/amd64/libnio.so
7fb460000000-7fb460021000 rw-p 00000000 00:00 0 
7fb460021000-7fb464000000 ---p 00000000 00:00 0 
7fb464000000-7fb464002000 r--s 0000f000 08:05 660479                     /home/admin/.m2/repository/com/fasterxml/classmate/1.5.1/classmate-1.5.1.jar
7fb464002000-7fb46404d000 r--s 0030f000 08:05 660473                     /home/admin/.m2/repository/net/bytebuddy/byte-buddy/1.10.22/byte-buddy-1.10.22.jar
7fb46404d000-7fb464058000 r--s 000b5000 08:05 660471                     /home/admin/.m2/repository/org/javassist/javassist/3.27.0-GA/javassist-3.27.0-GA.jar
7fb464058000-7fb46405a000 r--s 0000d000 08:05 660469                     /home/admin/.m2/repository/org/jboss/logging/jboss-logging/3.4.2.Final/jboss-logging-3.4.2.Final.jar
7fb46405a000-7fb464060000 r--s 00023000 08:05 660465                     /home/admin/.m2/repository/jakarta/persistence/jakarta.persistence-api/2.2.3/jakarta.persistence-api-2.2.3.jar
7fb464060000-7fb464061000 r--s 00003000 08:05 660463                     /home/admin/.m2/repository/jakarta/transaction/jakarta.transaction-api/1.3.3/jakarta.transaction-api-1.3.3.jar
7fb464061000-7fb46406b000 r--s 0005f000 08:05 660461                     /home/admin/.m2/repository/org/springframework/spring-jdbc/5.3.14/spring-jdbc-5.3.14.jar
7fb46406b000-7fb46406e000 r--s 00024000 08:05 660459                     /home/admin/.m2/repository/com/zaxxer/HikariCP/4.0.3/HikariCP-4.0.3.jar
7fb46406e000-7fb46406f000 r--s 00001000 08:05 660457                     /home/admin/.m2/repository/org/springframework/boot/spring-boot-starter-jdbc/2.5.8/spring-boot-starter-jdbc-2.5.8.jar
7fb46406f000-7fb464088000 r--s 001e5000 08:05 660455                     /home/admin/.m2/repository/org/aspectj/aspectjweaver/1.9.7/aspectjweaver-1.9.7.jar
7fb464088000-7fb464091000 r--s 00055000 08:05 660453                     /home/admin/.m2/repository/org/springframework/spring-aop/5.3.14/spring-aop-5.3.14.jar
7fb464091000-7fb464092000 r--s 00001000 08:05 660451                     /home/admin/.m2/repository/org/springframework/boot/spring-boot-starter-aop/2.5.8/spring-boot-starter-aop-2.5.8.jar
7fb464092000-7fb464093000 r--s 00001000 08:05 660449                     /home/admin/.m2/repository/org/springframework/boot/spring-boot-starter-data-jpa/2.5.8/spring-boot-starter-data-jpa-2.5.8.jar
7fb464093000-7fb464096000 ---p 00000000 00:00 0 
7fb464096000-7fb464194000 rw-p 00000000 00:00 0 
7fb464194000-7fb464196000 r--s 00002000 08:05 932105                     /home/admin/.m2/repository/org/apache/maven/surefire/surefire-logger-api/2.22.2/surefire-logger-api-2.22.2.jar
7fb464196000-7fb46419b000 r--s 00029000 08:05 932103                     /home/admin/.m2/repository/org/apache/maven/surefire/surefire-api/2.22.2/surefire-api-2.22.2.jar
7fb46419b000-7fb46419f000 r--s 0003f000 08:05 1047226                    /home/admin/.m2/repository/org/apache/maven/surefire/surefire-booter/2.22.2/surefire-booter-2.22.2.jar
7fb46419f000-7fb4641a0000 r--s 00002000 08:05 3145899                    /home/admin/Documents/workspace-sts-3.9.10.RELEASE/springboot-postgresql-hibernate-crud-example/target/surefire/surefirebooter8057794338960188029.jar
7fb4641a0000-7fb4641a2000 r--s 00001000 08:05 1582919                    /usr/lib/jvm/java-8-openjdk-amd64/jre/lib/ext/dnsns.jar
7fb4641a2000-7fb4641bd000 r--s 001d6000 08:05 1582923                    /usr/lib/jvm/java-8-openjdk-amd64/jre/lib/ext/nashorn.jar
7fb4641bd000-7fb4641c8000 r--s 00116000 08:05 1582922                    /usr/lib/jvm/java-8-openjdk-amd64/jre/lib/ext/localedata.jar
7fb4641c8000-7fb4641c9000 r--s 0000a000 08:05 1582921                    /usr/lib/jvm/java-8-openjdk-amd64/jre/lib/ext/jaccess.jar
7fb4641c9000-7fb4641cb000 r--s 00007000 08:05 1975741                    /usr/share/java/java-atk-wrapper.jar
7fb4641cb000-7fb4641cd000 r--s 00010000 08:05 1582927                    /usr/lib/jvm/java-8-openjdk-amd64/jre/lib/ext/zipfs.jar
7fb4641cd000-7fb4641e8000 r--s 00394000 08:05 1582918                    /usr/lib/jvm/java-8-openjdk-amd64/jre/lib/ext/cldrdata.jar
7fb4641e8000-7fb4641eb000 r--s 0000f000 08:05 1582920                    /usr/lib/jvm/java-8-openjdk-amd64/jre/lib/ext/icedtea-sound.jar
7fb4641eb000-7fb4641f1000 r--s 0003d000 08:05 1582925                    /usr/lib/jvm/java-8-openjdk-amd64/jre/lib/ext/sunjce_provider.jar
7fb4641f1000-7fb4641f5000 r--s 00041000 08:05 1582926                    /usr/lib/jvm/java-8-openjdk-amd64/jre/lib/ext/sunpkcs11.jar
7fb4641f5000-7fb4641f6000 ---p 00000000 00:00 0 
7fb4641f6000-7fb4642f6000 rw-p 00000000 00:00 0 
7fb4642f6000-7fb4642f9000 ---p 00000000 00:00 0 
7fb4642f9000-7fb4643f7000 rw-p 00000000 00:00 0 
7fb4643f7000-7fb4643f8000 ---p 00000000 00:00 0 
7fb4643f8000-7fb4643fb000 ---p 00000000 00:00 0 
7fb4643fb000-7fb4644f8000 rw-p 00000000 00:00 0 
7fb4644f8000-7fb4644f9000 ---p 00000000 00:00 0 
7fb4644f9000-7fb4644fc000 ---p 00000000 00:00 0 
7fb4644fc000-7fb4645f9000 rw-p 00000000 00:00 0 
7fb4645f9000-7fb4645fa000 ---p 00000000 00:00 0 
7fb4645fa000-7fb4645fd000 ---p 00000000 00:00 0 
7fb4645fd000-7fb4646fa000 rw-p 00000000 00:00 0 
7fb4646fa000-7fb4646fd000 ---p 00000000 00:00 0 
7fb4646fd000-7fb4647fb000 rw-p 00000000 00:00 0 
7fb4647fb000-7fb464ad9000 r--p 00000000 08:05 1439557                    /usr/lib/locale/locale-archive
7fb464ad9000-7fb464adc000 ---p 00000000 00:00 0 
7fb464adc000-7fb464bda000 rw-p 00000000 00:00 0 
7fb464bda000-7fb464bdd000 ---p 00000000 00:00 0 
7fb464bdd000-7fb464cdb000 rw-p 00000000 00:00 0 
7fb464cdb000-7fb464cdc000 ---p 00000000 00:00 0 
7fb464cdc000-7fb465d39000 rw-p 00000000 00:00 0 
7fb465d39000-7fb465f0b000 r--s 03cab000 08:05 1460175                    /usr/lib/jvm/java-8-openjdk-amd64/jre/lib/rt.jar
7fb465f0b000-7fb467711000 rw-p 00000000 00:00 0 
7fb467711000-7fb467712000 ---p 00000000 00:00 0 
7fb467712000-7fb467812000 rw-p 00000000 00:00 0 
7fb467812000-7fb467813000 ---p 00000000 00:00 0 
7fb467813000-7fb467913000 rw-p 00000000 00:00 0 
7fb467913000-7fb467914000 ---p 00000000 00:00 0 
7fb467914000-7fb467a14000 rw-p 00000000 00:00 0 
7fb467a14000-7fb467a15000 ---p 00000000 00:00 0 
7fb467a15000-7fb467b1f000 rw-p 00000000 00:00 0 
7fb467b1f000-7fb467bae000 ---p 00000000 00:00 0 
7fb467bae000-7fb467bd8000 rw-p 00000000 00:00 0 
7fb467bd8000-7fb467f6e000 ---p 00000000 00:00 0 
7fb467f6e000-7fb4689de000 rwxp 00000000 00:00 0 
7fb4689de000-7fb476f6e000 ---p 00000000 00:00 0 
7fb476f6e000-7fb476f76000 r-xp 00000000 08:05 1447662                    /usr/lib/jvm/java-8-openjdk-amd64/jre/lib/amd64/libzip.so
7fb476f76000-7fb477175000 ---p 00008000 08:05 1447662                    /usr/lib/jvm/java-8-openjdk-amd64/jre/lib/amd64/libzip.so
7fb477175000-7fb477176000 r--p 00007000 08:05 1447662                    /usr/lib/jvm/java-8-openjdk-amd64/jre/lib/amd64/libzip.so
7fb477176000-7fb477177000 rw-p 00008000 08:05 1447662                    /usr/lib/jvm/java-8-openjdk-amd64/jre/lib/amd64/libzip.so
7fb477177000-7fb477182000 r-xp 00000000 08:05 1845603                    /lib/x86_64-linux-gnu/libnss_files-2.27.so
7fb477182000-7fb477381000 ---p 0000b000 08:05 1845603                    /lib/x86_64-linux-gnu/libnss_files-2.27.so
7fb477381000-7fb477382000 r--p 0000a000 08:05 1845603                    /lib/x86_64-linux-gnu/libnss_files-2.27.so
7fb477382000-7fb477383000 rw-p 0000b000 08:05 1845603                    /lib/x86_64-linux-gnu/libnss_files-2.27.so
7fb477383000-7fb477389000 rw-p 00000000 00:00 0 
7fb477389000-7fb4773a0000 r-xp 00000000 08:05 1845600                    /lib/x86_64-linux-gnu/libnsl-2.27.so
7fb4773a0000-7fb47759f000 ---p 00017000 08:05 1845600                    /lib/x86_64-linux-gnu/libnsl-2.27.so
7fb47759f000-7fb4775a0000 r--p 00016000 08:05 1845600                    /lib/x86_64-linux-gnu/libnsl-2.27.so
7fb4775a0000-7fb4775a1000 rw-p 00017000 08:05 1845600                    /lib/x86_64-linux-gnu/libnsl-2.27.so
7fb4775a1000-7fb4775a3000 rw-p 00000000 00:00 0 
7fb4775a3000-7fb4775ae000 r-xp 00000000 08:05 1845605                    /lib/x86_64-linux-gnu/libnss_nis-2.27.so
7fb4775ae000-7fb4777ad000 ---p 0000b000 08:05 1845605                    /lib/x86_64-linux-gnu/libnss_nis-2.27.so
7fb4777ad000-7fb4777ae000 r--p 0000a000 08:05 1845605                    /lib/x86_64-linux-gnu/libnss_nis-2.27.so
7fb4777ae000-7fb4777af000 rw-p 0000b000 08:05 1845605                    /lib/x86_64-linux-gnu/libnss_nis-2.27.so
7fb4777af000-7fb4777b7000 r-xp 00000000 08:05 1845601                    /lib/x86_64-linux-gnu/libnss_compat-2.27.so
7fb4777b7000-7fb4779b7000 ---p 00008000 08:05 1845601                    /lib/x86_64-linux-gnu/libnss_compat-2.27.so
7fb4779b7000-7fb4779b8000 r--p 00008000 08:05 1845601                    /lib/x86_64-linux-gnu/libnss_compat-2.27.so
7fb4779b8000-7fb4779b9000 rw-p 00009000 08:05 1845601                    /lib/x86_64-linux-gnu/libnss_compat-2.27.so
7fb4779b9000-7fb4779e3000 r-xp 00000000 08:05 1447612                    /usr/lib/jvm/java-8-openjdk-amd64/jre/lib/amd64/libjava.so
7fb4779e3000-7fb477be3000 ---p 0002a000 08:05 1447612                    /usr/lib/jvm/java-8-openjdk-amd64/jre/lib/amd64/libjava.so
7fb477be3000-7fb477be4000 r--p 0002a000 08:05 1447612                    /usr/lib/jvm/java-8-openjdk-amd64/jre/lib/amd64/libjava.so
7fb477be4000-7fb477be6000 rw-p 0002b000 08:05 1447612                    /usr/lib/jvm/java-8-openjdk-amd64/jre/lib/amd64/libjava.so
7fb477be6000-7fb477bf6000 r-xp 00000000 08:05 1447661                    /usr/lib/jvm/java-8-openjdk-amd64/jre/lib/amd64/libverify.so
7fb477bf6000-7fb477df5000 ---p 00010000 08:05 1447661                    /usr/lib/jvm/java-8-openjdk-amd64/jre/lib/amd64/libverify.so
7fb477df5000-7fb477df7000 r--p 0000f000 08:05 1447661                    /usr/lib/jvm/java-8-openjdk-amd64/jre/lib/amd64/libverify.so
7fb477df7000-7fb477df8000 rw-p 00011000 08:05 1447661                    /usr/lib/jvm/java-8-openjdk-amd64/jre/lib/amd64/libverify.so
7fb477df8000-7fb477dff000 r-xp 00000000 08:05 1845610                    /lib/x86_64-linux-gnu/librt-2.27.so
7fb477dff000-7fb477ffe000 ---p 00007000 08:05 1845610                    /lib/x86_64-linux-gnu/librt-2.27.so
7fb477ffe000-7fb477fff000 r--p 00006000 08:05 1845610                    /lib/x86_64-linux-gnu/librt-2.27.so
7fb477fff000-7fb478000000 rw-p 00007000 08:05 1845610                    /lib/x86_64-linux-gnu/librt-2.27.so
7fb478000000-7fb47915f000 rw-p 00000000 00:00 0 
7fb47915f000-7fb47c000000 ---p 00000000 00:00 0 
7fb47c000000-7fb47c006000 r--s 000d3000 08:05 1460169                    /usr/lib/jvm/java-8-openjdk-amd64/jre/lib/jfr.jar
7fb47c006000-7fb47c01d000 r-xp 00000000 08:05 1836662                    /lib/x86_64-linux-gnu/libgcc_s.so.1
7fb47c01d000-7fb47c21c000 ---p 00017000 08:05 1836662                    /lib/x86_64-linux-gnu/libgcc_s.so.1
7fb47c21c000-7fb47c21d000 r--p 00016000 08:05 1836662                    /lib/x86_64-linux-gnu/libgcc_s.so.1
7fb47c21d000-7fb47c21e000 rw-p 00017000 08:05 1836662                    /lib/x86_64-linux-gnu/libgcc_s.so.1
7fb47c21e000-7fb47c3bb000 r-xp 00000000 08:05 1845597                    /lib/x86_64-linux-gnu/libm-2.27.so
7fb47c3bb000-7fb47c5ba000 ---p 0019d000 08:05 1845597                    /lib/x86_64-linux-gnu/libm-2.27.so
7fb47c5ba000-7fb47c5bb000 r--p 0019c000 08:05 1845597                    /lib/x86_64-linux-gnu/libm-2.27.so
7fb47c5bb000-7fb47c5bc000 rw-p 0019d000 08:05 1845597                    /lib/x86_64-linux-gnu/libm-2.27.so
7fb47c5bc000-7fb47c735000 r-xp 00000000 08:05 1441184                    /usr/lib/x86_64-linux-gnu/libstdc++.so.6.0.25
7fb47c735000-7fb47c935000 ---p 00179000 08:05 1441184                    /usr/lib/x86_64-linux-gnu/libstdc++.so.6.0.25
7fb47c935000-7fb47c93f000 r--p 00179000 08:05 1441184                    /usr/lib/x86_64-linux-gnu/libstdc++.so.6.0.25
7fb47c93f000-7fb47c941000 rw-p 00183000 08:05 1441184                    /usr/lib/x86_64-linux-gnu/libstdc++.so.6.0.25
7fb47c941000-7fb47c945000 rw-p 00000000 00:00 0 
7fb47c945000-7fb47d6b6000 r-xp 00000000 08:05 1447983                    /usr/lib/jvm/java-8-openjdk-amd64/jre/lib/amd64/server/libjvm.so
7fb47d6b6000-7fb47d8b6000 ---p 00d71000 08:05 1447983                    /usr/lib/jvm/java-8-openjdk-amd64/jre/lib/amd64/server/libjvm.so
7fb47d8b6000-7fb47d94c000 r--p 00d71000 08:05 1447983                    /usr/lib/jvm/java-8-openjdk-amd64/jre/lib/amd64/server/libjvm.so
7fb47d94c000-7fb47d975000 rw-p 00e07000 08:05 1447983                    /usr/lib/jvm/java-8-openjdk-amd64/jre/lib/amd64/server/libjvm.so
7fb47d975000-7fb47d9a8000 rw-p 00000000 00:00 0 
7fb47d9a8000-7fb47d9c2000 r-xp 00000000 08:05 1845608                    /lib/x86_64-linux-gnu/libpthread-2.27.so
7fb47d9c2000-7fb47dbc1000 ---p 0001a000 08:05 1845608                    /lib/x86_64-linux-gnu/libpthread-2.27.so
7fb47dbc1000-7fb47dbc2000 r--p 00019000 08:05 1845608                    /lib/x86_64-linux-gnu/libpthread-2.27.so
7fb47dbc2000-7fb47dbc3000 rw-p 0001a000 08:05 1845608                    /lib/x86_64-linux-gnu/libpthread-2.27.so
7fb47dbc3000-7fb47dbc7000 rw-p 00000000 00:00 0 
7fb47dbc7000-7fb47dbca000 r-xp 00000000 08:05 1845596                    /lib/x86_64-linux-gnu/libdl-2.27.so
7fb47dbca000-7fb47ddc9000 ---p 00003000 08:05 1845596                    /lib/x86_64-linux-gnu/libdl-2.27.so
7fb47ddc9000-7fb47ddca000 r--p 00002000 08:05 1845596                    /lib/x86_64-linux-gnu/libdl-2.27.so
7fb47ddca000-7fb47ddcb000 rw-p 00003000 08:05 1845596                    /lib/x86_64-linux-gnu/libdl-2.27.so
7fb47ddcb000-7fb47dde7000 r-xp 00000000 08:05 1837122                    /lib/x86_64-linux-gnu/libz.so.1.2.11
7fb47dde7000-7fb47dfe6000 ---p 0001c000 08:05 1837122                    /lib/x86_64-linux-gnu/libz.so.1.2.11
7fb47dfe6000-7fb47dfe7000 r--p 0001b000 08:05 1837122                    /lib/x86_64-linux-gnu/libz.so.1.2.11
7fb47dfe7000-7fb47dfe8000 rw-p 0001c000 08:05 1837122                    /lib/x86_64-linux-gnu/libz.so.1.2.11
7fb47dfe8000-7fb47e1cf000 r-xp 00000000 08:05 1845593                    /lib/x86_64-linux-gnu/libc-2.27.so
7fb47e1cf000-7fb47e3cf000 ---p 001e7000 08:05 1845593                    /lib/x86_64-linux-gnu/libc-2.27.so
7fb47e3cf000-7fb47e3d3000 r--p 001e7000 08:05 1845593                    /lib/x86_64-linux-gnu/libc-2.27.so
7fb47e3d3000-7fb47e3d5000 rw-p 001eb000 08:05 1845593                    /lib/x86_64-linux-gnu/libc-2.27.so
7fb47e3d5000-7fb47e3d9000 rw-p 00000000 00:00 0 
7fb47e3d9000-7fb47e3e7000 r-xp 00000000 08:05 1442289                    /usr/lib/jvm/java-8-openjdk-amd64/jre/lib/amd64/jli/libjli.so
7fb47e3e7000-7fb47e5e6000 ---p 0000e000 08:05 1442289                    /usr/lib/jvm/java-8-openjdk-amd64/jre/lib/amd64/jli/libjli.so
7fb47e5e6000-7fb47e5e7000 r--p 0000d000 08:05 1442289                    /usr/lib/jvm/java-8-openjdk-amd64/jre/lib/amd64/jli/libjli.so
7fb47e5e7000-7fb47e5e8000 rw-p 0000e000 08:05 1442289                    /usr/lib/jvm/java-8-openjdk-amd64/jre/lib/amd64/jli/libjli.so
7fb47e5e8000-7fb47e611000 r-xp 00000000 08:05 1845589                    /lib/x86_64-linux-gnu/ld-2.27.so
7fb47e611000-7fb47e61b000 rw-p 00000000 00:00 0 
7fb47e61b000-7fb47e6a9000 ---p 00000000 00:00 0 
7fb47e6a9000-7fb47e6e4000 rw-p 00000000 00:00 0 
7fb47e6e4000-7fb47e6f6000 ---p 00000000 00:00 0 
7fb47e6f6000-7fb47e6f7000 rw-p 00000000 00:00 0 
7fb47e6f7000-7fb47e6f8000 ---p 00000000 00:00 0 
7fb47e6f8000-7fb47e6fb000 ---p 00000000 00:00 0 
7fb47e6fb000-7fb47e7fa000 rw-p 00000000 00:00 0 
7fb47e7fa000-7fb47e7fc000 r--s 00008000 08:05 1582924                    /usr/lib/jvm/java-8-openjdk-amd64/jre/lib/ext/sunec.jar
7fb47e7fc000-7fb47e805000 rw-p 00000000 00:00 0 
7fb47e805000-7fb47e80d000 rw-s 00000000 08:05 1308263                    /tmp/hsperfdata_admin/6205
7fb47e80d000-7fb47e80e000 rw-p 00000000 00:00 0 
7fb47e80e000-7fb47e80f000 ---p 00000000 00:00 0 
7fb47e80f000-7fb47e811000 rw-p 00000000 00:00 0 
7fb47e811000-7fb47e812000 r--p 00029000 08:05 1845589                    /lib/x86_64-linux-gnu/ld-2.27.so
7fb47e812000-7fb47e813000 rw-p 0002a000 08:05 1845589                    /lib/x86_64-linux-gnu/ld-2.27.so
7fb47e813000-7fb47e814000 rw-p 00000000 00:00 0 
7ffec988a000-7ffec98ab000 rw-p 00000000 00:00 0                          [stack]
7ffec98ee000-7ffec98f1000 r--p 00000000 00:00 0                          [vvar]
7ffec98f1000-7ffec98f3000 r-xp 00000000 00:00 0                          [vdso]
ffffffffff600000-ffffffffff601000 r-xp 00000000 00:00 0                  [vsyscall]

VM Arguments:
java_command: /home/admin/Documents/workspace-sts-3.9.10.RELEASE/springboot-postgresql-hibernate-crud-example/target/surefire/surefirebooter8057794338960188029.jar /home/admin/Documents/workspace-sts-3.9.10.RELEASE/springboot-postgresql-hibernate-crud-example/target/surefire 2022-01-01T23-35-55_669-jvmRun1 surefire5991953773903914221tmp surefire_01717739879324189459tmp
java_class_path (initial): /home/admin/Documents/workspace-sts-3.9.10.RELEASE/springboot-postgresql-hibernate-crud-example/target/surefire/surefirebooter8057794338960188029.jar
Launcher Type: SUN_STANDARD

Environment Variables:
PATH=/home/admin/.local/bin:/usr/local/sbin:/usr/local/bin:/usr/sbin:/usr/bin:/sbin:/bin:/usr/games:/usr/local/games:/snap/bin
USERNAME=admin
SHELL=/bin/bash
DISPLAY=:0

Signal Handlers:
SIGSEGV: [libjvm.so+0xb6f390], sa_mask[0]=11111111011111111101111111111110, sa_flags=SA_RESTART|SA_SIGINFO
SIGBUS: [libjvm.so+0xb6f390], sa_mask[0]=11111111011111111101111111111110, sa_flags=SA_RESTART|SA_SIGINFO
SIGFPE: [libjvm.so+0x98ec90], sa_mask[0]=11111111011111111101111111111110, sa_flags=SA_RESTART|SA_SIGINFO
SIGPIPE: [libjvm.so+0x98ec90], sa_mask[0]=11111111011111111101111111111110, sa_flags=SA_RESTART|SA_SIGINFO
SIGXFSZ: [libjvm.so+0x98ec90], sa_mask[0]=11111111011111111101111111111110, sa_flags=SA_RESTART|SA_SIGINFO
SIGILL: [libjvm.so+0x98ec90], sa_mask[0]=11111111011111111101111111111110, sa_flags=SA_RESTART|SA_SIGINFO
SIGUSR1: SIG_DFL, sa_mask[0]=00000000000000000000000000000000, sa_flags=none
SIGUSR2: [libjvm.so+0x98eb40], sa_mask[0]=00100000000000000000000000000000, sa_flags=SA_RESTART|SA_SIGINFO
SIGHUP: [libjvm.so+0x98f1b0], sa_mask[0]=11111111011111111101111111111110, sa_flags=SA_RESTART|SA_SIGINFO
SIGINT: [libjvm.so+0x98f1b0], sa_mask[0]=11111111011111111101111111111110, sa_flags=SA_RESTART|SA_SIGINFO
SIGTERM: [libjvm.so+0x98f1b0], sa_mask[0]=11111111011111111101111111111110, sa_flags=SA_RESTART|SA_SIGINFO
SIGQUIT: [libjvm.so+0x98f1b0], sa_mask[0]=11111111011111111101111111111110, sa_flags=SA_RESTART|SA_SIGINFO


---------------  S Y S T E M  ---------------

OS:DISTRIB_ID=Ubuntu
DISTRIB_RELEASE=18.04
DISTRIB_CODENAME=bionic
DISTRIB_DESCRIPTION="Ubuntu 18.04.6 LTS"

uname:Linux 4.15.0-163-generic #171-Ubuntu SMP Fri Nov 5 11:55:11 UTC 2021 x86_64
libc:glibc 2.27 NPTL 2.27 
rlimit: STACK 8192k, CORE 0k, NPROC 7124, NOFILE 4096, AS infinity
load average:9.00 3.25 1.50

/proc/meminfo:
MemTotal:        1871104 kB
MemFree:           75652 kB
MemAvailable:          0 kB
Buffers:             360 kB
Cached:            68500 kB
SwapCached:           36 kB
Active:          1171220 kB
Inactive:         393484 kB
Active(anon):    1168564 kB
Inactive(anon):   389704 kB
Active(file):       2656 kB
Inactive(file):     3780 kB
Unevictable:         112 kB
Mlocked:             112 kB
SwapTotal:       2097148 kB
SwapFree:              0 kB
Dirty:                20 kB
Writeback:             0 kB
AnonPages:       1496436 kB
Mapped:             4536 kB
Shmem:             61940 kB
Slab:              93896 kB
SReclaimable:      34504 kB
SUnreclaim:        59392 kB
KernelStack:       16016 kB
PageTables:        64828 kB
NFS_Unstable:          0 kB
Bounce:                0 kB
WritebackTmp:          0 kB
CommitLimit:     3032700 kB
Committed_AS:   10106300 kB
VmallocTotal:   34359738367 kB
VmallocUsed:           0 kB
VmallocChunk:          0 kB
HardwareCorrupted:     0 kB
AnonHugePages:         0 kB
ShmemHugePages:        0 kB
ShmemPmdMapped:        0 kB
CmaTotal:              0 kB
CmaFree:               0 kB
HugePages_Total:       0
HugePages_Free:        0
HugePages_Rsvd:        0
HugePages_Surp:        0
Hugepagesize:       2048 kB
DirectMap4k:      212216 kB
DirectMap2M:     1783808 kB

container (cgroup) information:
container_type: cgroupv1
cpu_cpuset_cpus: 0-3
cpu_memory_nodes: 0
active_processor_count: 4
cpu_quota: -1
cpu_period: 100000
cpu_shares: -1
memory_limit_in_bytes: -1
memory_and_swap_limit_in_bytes: -2
memory_soft_limit_in_bytes: -1
memory_usage_in_bytes: 1602060288
memory_max_usage_in_bytes: 0


CPU:total 4 (initial active 4) (2 cores per cpu, 2 threads per core) family 6 model 58 stepping 9, cmov, cx8, fxsr, mmx, sse, sse2, sse3, ssse3, sse4.1, sse4.2, popcnt, avx, clmul, erms, ht, tsc, tscinvbit, tscinv

/proc/cpuinfo:
processor	: 0
vendor_id	: GenuineIntel
cpu family	: 6
model		: 58
model name	: Intel(R) Core(TM) i3-3110M CPU @ 2.40GHz
stepping	: 9
microcode	: 0x21
cpu MHz		: 2379.649
cache size	: 3072 KB
physical id	: 0
siblings	: 4
core id		: 0
cpu cores	: 2
apicid		: 0
initial apicid	: 0
fpu		: yes
fpu_exception	: yes
cpuid level	: 13
wp		: yes
flags		: fpu vme de pse tsc msr pae mce cx8 apic sep mtrr pge mca cmov pat pse36 clflush dts acpi mmx fxsr sse sse2 ss ht tm pbe syscall nx rdtscp lm constant_tsc arch_perfmon pebs bts rep_good nopl xtopology nonstop_tsc cpuid aperfmperf pni pclmulqdq dtes64 monitor ds_cpl vmx est tm2 ssse3 cx16 xtpr pdcm pcid sse4_1 sse4_2 x2apic popcnt tsc_deadline_timer xsave avx f16c lahf_lm cpuid_fault epb pti ssbd ibrs ibpb stibp tpr_shadow vnmi flexpriority ept vpid fsgsbase smep erms xsaveopt dtherm arat pln pts md_clear flush_l1d
bugs		: cpu_meltdown spectre_v1 spectre_v2 spec_store_bypass l1tf mds swapgs itlb_multihit
bogomips	: 4788.85
clflush size	: 64
cache_alignment	: 64
address sizes	: 36 bits physical, 48 bits virtual
power management:

processor	: 1
vendor_id	: GenuineIntel
cpu family	: 6
model		: 58
model name	: Intel(R) Core(TM) i3-3110M CPU @ 2.40GHz
stepping	: 9
microcode	: 0x21
cpu MHz		: 2388.631
cache size	: 3072 KB
physical id	: 0
siblings	: 4
core id		: 0
cpu cores	: 2
apicid		: 1
initial apicid	: 1
fpu		: yes
fpu_exception	: yes
cpuid level	: 13
wp		: yes
flags		: fpu vme de pse tsc msr pae mce cx8 apic sep mtrr pge mca cmov pat pse36 clflush dts acpi mmx fxsr sse sse2 ss ht tm pbe syscall nx rdtscp lm constant_tsc arch_perfmon pebs bts rep_good nopl xtopology nonstop_tsc cpuid aperfmperf pni pclmulqdq dtes64 monitor ds_cpl vmx est tm2 ssse3 cx16 xtpr pdcm pcid sse4_1 sse4_2 x2apic popcnt tsc_deadline_timer xsave avx f16c lahf_lm cpuid_fault epb pti ssbd ibrs ibpb stibp tpr_shadow vnmi flexpriority ept vpid fsgsbase smep erms xsaveopt dtherm arat pln pts md_clear flush_l1d
bugs		: cpu_meltdown spectre_v1 spectre_v2 spec_store_bypass l1tf mds swapgs itlb_multihit
bogomips	: 4788.85
clflush size	: 64
cache_alignment	: 64
address sizes	: 36 bits physical, 48 bits virtual
power management:

processor	: 2
vendor_id	: GenuineIntel
cpu family	: 6
model		: 58
model name	: Intel(R) Core(TM) i3-3110M CPU @ 2.40GHz
stepping	: 9
microcode	: 0x21
cpu MHz		: 2362.187
cache size	: 3072 KB
physical id	: 0
siblings	: 4
core id		: 1
cpu cores	: 2
apicid		: 2
initial apicid	: 2
fpu		: yes
fpu_exception	: yes
cpuid level	: 13
wp		: yes
flags		: fpu vme de pse tsc msr pae mce cx8 apic sep mtrr pge mca cmov pat pse36 clflush dts acpi mmx fxsr sse sse2 ss ht tm pbe syscall nx rdtscp lm constant_tsc arch_perfmon pebs bts rep_good nopl xtopology nonstop_tsc cpuid aperfmperf pni pclmulqdq dtes64 monitor ds_cpl vmx est tm2 ssse3 cx16 xtpr pdcm pcid sse4_1 sse4_2 x2apic popcnt tsc_deadline_timer xsave avx f16c lahf_lm cpuid_fault epb pti ssbd ibrs ibpb stibp tpr_shadow vnmi flexpriority ept vpid fsgsbase smep erms xsaveopt dtherm arat pln pts md_clear flush_l1d
bugs		: cpu_meltdown spectre_v1 spectre_v2 spec_store_bypass l1tf mds swapgs itlb_multihit
bogomips	: 4788.85
clflush size	: 64
cache_alignment	: 64
address sizes	: 36 bits physical, 48 bits virtual
power management:

processor	: 3
vendor_id	: GenuineIntel
cpu family	: 6
model		: 58
model name	: Intel(R) Core(TM) i3-3110M CPU @ 2.40GHz
stepping	: 9
microcode	: 0x21
cpu MHz		: 2230.856
cache size	: 3072 KB
physical id	: 0
siblings	: 4
core id		: 1
cpu cores	: 2
apicid		: 3
initial apicid	: 3
fpu		: yes
fpu_exception	: yes
cpuid level	: 13
wp		: yes
flags		: fpu vme de pse tsc msr pae mce cx8 apic sep mtrr pge mca cmov pat pse36 clflush dts acpi mmx fxsr sse sse2 ss ht tm pbe syscall nx rdtscp lm constant_tsc arch_perfmon pebs bts rep_good nopl xtopology nonstop_tsc cpuid aperfmperf pni pclmulqdq dtes64 monitor ds_cpl vmx est tm2 ssse3 cx16 xtpr pdcm pcid sse4_1 sse4_2 x2apic popcnt tsc_deadline_timer xsave avx f16c lahf_lm cpuid_fault epb pti ssbd ibrs ibpb stibp tpr_shadow vnmi flexpriority ept vpid fsgsbase smep erms xsaveopt dtherm arat pln pts md_clear flush_l1d
bugs		: cpu_meltdown spectre_v1 spectre_v2 spec_store_bypass l1tf mds swapgs itlb_multihit
bogomips	: 4788.85
clflush size	: 64
cache_alignment	: 64
address sizes	: 36 bits physical, 48 bits virtual
power management:



Memory: 4k page, physical 1871104k(76372k free), swap 2097148k(0k free)

vm_info: OpenJDK 64-Bit Server VM (25.312-b07) for linux-amd64 JRE (1.8.0_312-8u312-b07-0ubuntu1~18.04-b07), built on Nov  3 2021 13:54:59 by "buildd" with gcc 7.5.0

time: Sat Jan  1 23:37:00 2022
timezone: IST
elapsed time: 64.434612 seconds (0d 0h 1m 4s)

